<?xml version="1.0" encoding="UTF-8"?>
<robot generator="Robot 4.1.3 (Python 3.10.0 on win32)" generated="20220104 20:33:21.995" rpa="false" schemaversion="2">
<suite id="s1" name="Suites">
<suite id="s1-s1" name="LoginTest DataDriven" source="C:\Users\user\PycharmProjects\RobotFramework-POM Pattern\TestCases\LoginTest_DataDriven.robot">
<kw name="open app" library="LoginPageKeywords" type="SETUP">
<arg>${url}</arg>
<arg>${browser}</arg>
<kw name="Open Browser" library="SeleniumLibrary">
<arg>${url}</arg>
<arg>${browser}</arg>
<doc>Opens a new browser instance to the optional ``url``.</doc>
<msg timestamp="20220104 20:33:23.145" level="INFO">Opening browser 'chrome' to base url 'https://demo.opencart.com/index.php?route=account/login'.</msg>
<status status="PASS" starttime="20220104 20:33:23.145" endtime="20220104 20:33:27.753"/>
</kw>
<kw name="Maximize Browser Window" library="SeleniumLibrary">
<doc>Maximizes current browser window.</doc>
<status status="PASS" starttime="20220104 20:33:27.754" endtime="20220104 20:33:27.875"/>
</kw>
<status status="PASS" starttime="20220104 20:33:23.129" endtime="20220104 20:33:27.875"/>
</kw>
<test id="s1-s1-t1" name="Data driven test using invalid login data">
<kw name="Invalid Login">
<arg>testrobot11@gmail.com</arg>
<arg>1234</arg>
<kw name="input useremail" library="LoginPageKeywords">
<arg>${username}</arg>
<kw name="Input Text" library="SeleniumLibrary">
<arg>${txt_emailid}</arg>
<arg>${useremail}</arg>
<doc>Types the given ``text`` into the text field identified by ``locator``.</doc>
<msg timestamp="20220104 20:33:27.880" level="INFO">Typing text 'testrobot11@gmail.com' into text field 'id:input-email'.</msg>
<status status="PASS" starttime="20220104 20:33:27.879" endtime="20220104 20:33:28.010"/>
</kw>
<status status="PASS" starttime="20220104 20:33:27.879" endtime="20220104 20:33:28.010"/>
</kw>
<kw name="input password" library="LoginPageKeywords">
<arg>${password}</arg>
<kw name="Input Text" library="SeleniumLibrary">
<arg>${txt_password}</arg>
<arg>${password}</arg>
<doc>Types the given ``text`` into the text field identified by ``locator``.</doc>
<msg timestamp="20220104 20:33:28.011" level="INFO">Typing text '1234' into text field 'id:input-password'.</msg>
<status status="PASS" starttime="20220104 20:33:28.011" endtime="20220104 20:33:28.080"/>
</kw>
<status status="PASS" starttime="20220104 20:33:28.010" endtime="20220104 20:33:28.081"/>
</kw>
<kw name="click login" library="LoginPageKeywords">
<kw name="Click Button" library="SeleniumLibrary">
<arg>${btn_login}</arg>
<doc>Clicks the button identified by ``locator``.</doc>
<msg timestamp="20220104 20:33:28.082" level="INFO">Clicking button 'xpath://input[@type='submit']'.</msg>
<status status="PASS" starttime="20220104 20:33:28.081" endtime="20220104 20:33:29.467"/>
</kw>
<status status="PASS" starttime="20220104 20:33:28.081" endtime="20220104 20:33:29.468"/>
</kw>
<kw name="verify unsuccessful login" library="LoginPageKeywords">
<kw name="Page Should Contain" library="SeleniumLibrary">
<arg>Warning: No match for E-Mail Address and/or Password.</arg>
<doc>Verifies that current page contains ``text``.</doc>
<msg timestamp="20220104 20:33:29.490" level="INFO">Current page contains text 'Warning: No match for E-Mail Address and/or Password.'.</msg>
<status status="PASS" starttime="20220104 20:33:29.469" endtime="20220104 20:33:29.490"/>
</kw>
<kw name="Log" library="BuiltIn">
<arg>Login not successful</arg>
<doc>Logs the given message with the given level.</doc>
<msg timestamp="20220104 20:33:29.491" level="INFO">Login not successful</msg>
<status status="PASS" starttime="20220104 20:33:29.491" endtime="20220104 20:33:29.491"/>
</kw>
<status status="PASS" starttime="20220104 20:33:29.468" endtime="20220104 20:33:29.492"/>
</kw>
<status status="PASS" starttime="20220104 20:33:27.878" endtime="20220104 20:33:29.492"/>
</kw>
<status status="PASS" starttime="20220104 20:33:27.876" endtime="20220104 20:33:29.492"/>
</test>
<test id="s1-s1-t2" name="Data driven test using invalid login data">
<kw name="Invalid Login">
<arg>testrobot@gmail.com</arg>
<arg>1111</arg>
<kw name="input useremail" library="LoginPageKeywords">
<arg>${username}</arg>
<kw name="Input Text" library="SeleniumLibrary">
<arg>${txt_emailid}</arg>
<arg>${useremail}</arg>
<doc>Types the given ``text`` into the text field identified by ``locator``.</doc>
<msg timestamp="20220104 20:33:29.497" level="INFO">Typing text 'testrobot@gmail.com' into text field 'id:input-email'.</msg>
<status status="PASS" starttime="20220104 20:33:29.496" endtime="20220104 20:33:29.601"/>
</kw>
<status status="PASS" starttime="20220104 20:33:29.496" endtime="20220104 20:33:29.602"/>
</kw>
<kw name="input password" library="LoginPageKeywords">
<arg>${password}</arg>
<kw name="Input Text" library="SeleniumLibrary">
<arg>${txt_password}</arg>
<arg>${password}</arg>
<doc>Types the given ``text`` into the text field identified by ``locator``.</doc>
<msg timestamp="20220104 20:33:29.603" level="INFO">Typing text '1111' into text field 'id:input-password'.</msg>
<status status="PASS" starttime="20220104 20:33:29.602" endtime="20220104 20:33:29.689"/>
</kw>
<status status="PASS" starttime="20220104 20:33:29.602" endtime="20220104 20:33:29.689"/>
</kw>
<kw name="click login" library="LoginPageKeywords">
<kw name="Click Button" library="SeleniumLibrary">
<arg>${btn_login}</arg>
<doc>Clicks the button identified by ``locator``.</doc>
<msg timestamp="20220104 20:33:29.691" level="INFO">Clicking button 'xpath://input[@type='submit']'.</msg>
<status status="PASS" starttime="20220104 20:33:29.690" endtime="20220104 20:33:31.122"/>
</kw>
<status status="PASS" starttime="20220104 20:33:29.690" endtime="20220104 20:33:31.123"/>
</kw>
<kw name="verify unsuccessful login" library="LoginPageKeywords">
<kw name="Page Should Contain" library="SeleniumLibrary">
<arg>Warning: No match for E-Mail Address and/or Password.</arg>
<doc>Verifies that current page contains ``text``.</doc>
<msg timestamp="20220104 20:33:31.143" level="INFO">Current page contains text 'Warning: No match for E-Mail Address and/or Password.'.</msg>
<status status="PASS" starttime="20220104 20:33:31.124" endtime="20220104 20:33:31.144"/>
</kw>
<kw name="Log" library="BuiltIn">
<arg>Login not successful</arg>
<doc>Logs the given message with the given level.</doc>
<msg timestamp="20220104 20:33:31.145" level="INFO">Login not successful</msg>
<status status="PASS" starttime="20220104 20:33:31.144" endtime="20220104 20:33:31.145"/>
</kw>
<status status="PASS" starttime="20220104 20:33:31.124" endtime="20220104 20:33:31.145"/>
</kw>
<status status="PASS" starttime="20220104 20:33:29.495" endtime="20220104 20:33:31.145"/>
</kw>
<status status="PASS" starttime="20220104 20:33:29.493" endtime="20220104 20:33:31.146"/>
</test>
<test id="s1-s1-t3" name="Data driven test using invalid login data">
<kw name="Invalid Login">
<arg>testrobot111@gmail.com</arg>
<arg>12341ff</arg>
<kw name="input useremail" library="LoginPageKeywords">
<arg>${username}</arg>
<kw name="Input Text" library="SeleniumLibrary">
<arg>${txt_emailid}</arg>
<arg>${useremail}</arg>
<doc>Types the given ``text`` into the text field identified by ``locator``.</doc>
<msg timestamp="20220104 20:33:31.155" level="INFO">Typing text 'testrobot111@gmail.com' into text field 'id:input-email'.</msg>
<status status="PASS" starttime="20220104 20:33:31.154" endtime="20220104 20:33:31.246"/>
</kw>
<status status="PASS" starttime="20220104 20:33:31.152" endtime="20220104 20:33:31.246"/>
</kw>
<kw name="input password" library="LoginPageKeywords">
<arg>${password}</arg>
<kw name="Input Text" library="SeleniumLibrary">
<arg>${txt_password}</arg>
<arg>${password}</arg>
<doc>Types the given ``text`` into the text field identified by ``locator``.</doc>
<msg timestamp="20220104 20:33:31.247" level="INFO">Typing text '12341ff' into text field 'id:input-password'.</msg>
<status status="PASS" starttime="20220104 20:33:31.247" endtime="20220104 20:33:31.329"/>
</kw>
<status status="PASS" starttime="20220104 20:33:31.246" endtime="20220104 20:33:31.330"/>
</kw>
<kw name="click login" library="LoginPageKeywords">
<kw name="Click Button" library="SeleniumLibrary">
<arg>${btn_login}</arg>
<doc>Clicks the button identified by ``locator``.</doc>
<msg timestamp="20220104 20:33:31.331" level="INFO">Clicking button 'xpath://input[@type='submit']'.</msg>
<status status="PASS" starttime="20220104 20:33:31.330" endtime="20220104 20:33:32.736"/>
</kw>
<status status="PASS" starttime="20220104 20:33:31.330" endtime="20220104 20:33:32.740"/>
</kw>
<kw name="verify unsuccessful login" library="LoginPageKeywords">
<kw name="Page Should Contain" library="SeleniumLibrary">
<arg>Warning: No match for E-Mail Address and/or Password.</arg>
<doc>Verifies that current page contains ``text``.</doc>
<msg timestamp="20220104 20:33:32.774" level="INFO">Current page contains text 'Warning: No match for E-Mail Address and/or Password.'.</msg>
<status status="PASS" starttime="20220104 20:33:32.744" endtime="20220104 20:33:32.774"/>
</kw>
<kw name="Log" library="BuiltIn">
<arg>Login not successful</arg>
<doc>Logs the given message with the given level.</doc>
<msg timestamp="20220104 20:33:32.775" level="INFO">Login not successful</msg>
<status status="PASS" starttime="20220104 20:33:32.774" endtime="20220104 20:33:32.775"/>
</kw>
<status status="PASS" starttime="20220104 20:33:32.742" endtime="20220104 20:33:32.775"/>
</kw>
<status status="PASS" starttime="20220104 20:33:31.151" endtime="20220104 20:33:32.776"/>
</kw>
<status status="PASS" starttime="20220104 20:33:31.147" endtime="20220104 20:33:32.776"/>
</test>
<test id="s1-s1-t4" name="Data driven test using invalid login data">
<kw name="Invalid Login">
<arg>${EMPTY}</arg>
<arg>1234</arg>
<kw name="input useremail" library="LoginPageKeywords">
<arg>${username}</arg>
<kw name="Input Text" library="SeleniumLibrary">
<arg>${txt_emailid}</arg>
<arg>${useremail}</arg>
<doc>Types the given ``text`` into the text field identified by ``locator``.</doc>
<msg timestamp="20220104 20:33:32.780" level="INFO">Typing text '' into text field 'id:input-email'.</msg>
<status status="PASS" starttime="20220104 20:33:32.780" endtime="20220104 20:33:32.858"/>
</kw>
<status status="PASS" starttime="20220104 20:33:32.779" endtime="20220104 20:33:32.858"/>
</kw>
<kw name="input password" library="LoginPageKeywords">
<arg>${password}</arg>
<kw name="Input Text" library="SeleniumLibrary">
<arg>${txt_password}</arg>
<arg>${password}</arg>
<doc>Types the given ``text`` into the text field identified by ``locator``.</doc>
<msg timestamp="20220104 20:33:32.860" level="INFO">Typing text '1234' into text field 'id:input-password'.</msg>
<status status="PASS" starttime="20220104 20:33:32.859" endtime="20220104 20:33:32.947"/>
</kw>
<status status="PASS" starttime="20220104 20:33:32.859" endtime="20220104 20:33:32.947"/>
</kw>
<kw name="click login" library="LoginPageKeywords">
<kw name="Click Button" library="SeleniumLibrary">
<arg>${btn_login}</arg>
<doc>Clicks the button identified by ``locator``.</doc>
<msg timestamp="20220104 20:33:32.949" level="INFO">Clicking button 'xpath://input[@type='submit']'.</msg>
<status status="PASS" starttime="20220104 20:33:32.948" endtime="20220104 20:33:34.388"/>
</kw>
<status status="PASS" starttime="20220104 20:33:32.948" endtime="20220104 20:33:34.390"/>
</kw>
<kw name="verify unsuccessful login" library="LoginPageKeywords">
<kw name="Page Should Contain" library="SeleniumLibrary">
<arg>Warning: No match for E-Mail Address and/or Password.</arg>
<doc>Verifies that current page contains ``text``.</doc>
<msg timestamp="20220104 20:33:34.421" level="INFO">Current page contains text 'Warning: No match for E-Mail Address and/or Password.'.</msg>
<status status="PASS" starttime="20220104 20:33:34.393" endtime="20220104 20:33:34.421"/>
</kw>
<kw name="Log" library="BuiltIn">
<arg>Login not successful</arg>
<doc>Logs the given message with the given level.</doc>
<msg timestamp="20220104 20:33:34.422" level="INFO">Login not successful</msg>
<status status="PASS" starttime="20220104 20:33:34.421" endtime="20220104 20:33:34.422"/>
</kw>
<status status="PASS" starttime="20220104 20:33:34.392" endtime="20220104 20:33:34.422"/>
</kw>
<status status="PASS" starttime="20220104 20:33:32.778" endtime="20220104 20:33:34.422"/>
</kw>
<status status="PASS" starttime="20220104 20:33:32.777" endtime="20220104 20:33:34.423"/>
</test>
<test id="s1-s1-t5" name="Data driven test using invalid login data">
<kw name="Invalid Login">
<arg>testrobot@gmail.com</arg>
<arg>${EMPTY}</arg>
<kw name="input useremail" library="LoginPageKeywords">
<arg>${username}</arg>
<kw name="Input Text" library="SeleniumLibrary">
<arg>${txt_emailid}</arg>
<arg>${useremail}</arg>
<doc>Types the given ``text`` into the text field identified by ``locator``.</doc>
<msg timestamp="20220104 20:33:34.426" level="INFO">Typing text 'testrobot@gmail.com' into text field 'id:input-email'.</msg>
<status status="PASS" starttime="20220104 20:33:34.426" endtime="20220104 20:33:34.522"/>
</kw>
<status status="PASS" starttime="20220104 20:33:34.426" endtime="20220104 20:33:34.522"/>
</kw>
<kw name="input password" library="LoginPageKeywords">
<arg>${password}</arg>
<kw name="Input Text" library="SeleniumLibrary">
<arg>${txt_password}</arg>
<arg>${password}</arg>
<doc>Types the given ``text`` into the text field identified by ``locator``.</doc>
<msg timestamp="20220104 20:33:34.525" level="INFO">Typing text '' into text field 'id:input-password'.</msg>
<status status="PASS" starttime="20220104 20:33:34.524" endtime="20220104 20:33:34.592"/>
</kw>
<status status="PASS" starttime="20220104 20:33:34.522" endtime="20220104 20:33:34.593"/>
</kw>
<kw name="click login" library="LoginPageKeywords">
<kw name="Click Button" library="SeleniumLibrary">
<arg>${btn_login}</arg>
<doc>Clicks the button identified by ``locator``.</doc>
<msg timestamp="20220104 20:33:34.594" level="INFO">Clicking button 'xpath://input[@type='submit']'.</msg>
<status status="PASS" starttime="20220104 20:33:34.593" endtime="20220104 20:33:35.944"/>
</kw>
<status status="PASS" starttime="20220104 20:33:34.593" endtime="20220104 20:33:35.944"/>
</kw>
<kw name="verify unsuccessful login" library="LoginPageKeywords">
<kw name="Page Should Contain" library="SeleniumLibrary">
<arg>Warning: No match for E-Mail Address and/or Password.</arg>
<doc>Verifies that current page contains ``text``.</doc>
<msg timestamp="20220104 20:33:35.955" level="INFO">Current page contains text 'Warning: No match for E-Mail Address and/or Password.'.</msg>
<status status="PASS" starttime="20220104 20:33:35.945" endtime="20220104 20:33:35.956"/>
</kw>
<kw name="Log" library="BuiltIn">
<arg>Login not successful</arg>
<doc>Logs the given message with the given level.</doc>
<msg timestamp="20220104 20:33:35.956" level="INFO">Login not successful</msg>
<status status="PASS" starttime="20220104 20:33:35.956" endtime="20220104 20:33:35.956"/>
</kw>
<status status="PASS" starttime="20220104 20:33:35.945" endtime="20220104 20:33:35.956"/>
</kw>
<status status="PASS" starttime="20220104 20:33:34.425" endtime="20220104 20:33:35.957"/>
</kw>
<status status="PASS" starttime="20220104 20:33:34.423" endtime="20220104 20:33:35.957"/>
</test>
<kw name="close app" library="LoginPageKeywords" type="TEARDOWN">
<kw name="Close All Browsers" library="SeleniumLibrary">
<doc>Closes all open browsers and resets the browser cache.</doc>
<status status="PASS" starttime="20220104 20:33:35.959" endtime="20220104 20:33:38.161"/>
</kw>
<status status="PASS" starttime="20220104 20:33:35.959" endtime="20220104 20:33:38.161"/>
</kw>
<status status="PASS" starttime="20220104 20:33:22.073" endtime="20220104 20:33:38.161"/>
</suite>
<status status="PASS" starttime="20220104 20:33:22.042" endtime="20220104 20:33:38.161"/>
</suite>
<statistics>
<total>
<stat pass="5" fail="0" skip="0">All Tests</stat>
</total>
<tag>
</tag>
<suite>
<stat pass="5" fail="0" skip="0" id="s1" name="Suites">Suites</stat>
<stat pass="5" fail="0" skip="0" id="s1-s1" name="LoginTest DataDriven">Suites.LoginTest DataDriven</stat>
</suite>
</statistics>
<errors>
<msg timestamp="20220104 20:33:29.493" level="WARN">Multiple test cases with name 'Data driven test using invalid login data' executed in test suite 'Suites.LoginTest DataDriven'.</msg>
<msg timestamp="20220104 20:33:31.147" level="WARN">Multiple test cases with name 'Data driven test using invalid login data' executed in test suite 'Suites.LoginTest DataDriven'.</msg>
<msg timestamp="20220104 20:33:32.776" level="WARN">Multiple test cases with name 'Data driven test using invalid login data' executed in test suite 'Suites.LoginTest DataDriven'.</msg>
<msg timestamp="20220104 20:33:34.423" level="WARN">Multiple test cases with name 'Data driven test using invalid login data' executed in test suite 'Suites.LoginTest DataDriven'.</msg>
</errors>
</robot>
