<?xml version="1.0" encoding="UTF-8"?>
<robot generator="Rebot 4.1.3 (Python 3.10.0 on win32)" generated="20220104 20:34:44.764" rpa="false" schemaversion="2">
<suite id="s1" name="Suites">
<suite id="s1-s1" name="LoginTest" source="C:\Users\user\PycharmProjects\RobotFramework-POM Pattern\TestCases\LoginTest.robot">
<kw name="open app" library="LoginPageKeywords" type="SETUP">
<arg>${url}</arg>
<arg>${browser}</arg>
<kw name="Open Browser" library="SeleniumLibrary">
<arg>${url}</arg>
<arg>${browser}</arg>
<doc>Opens a new browser instance to the optional ``url``.</doc>
<msg timestamp="20220104 20:33:22.297" level="INFO">Opening browser 'chrome' to base url 'https://demo.opencart.com/index.php?route=account/login'.</msg>
<status status="PASS" starttime="20220104 20:33:22.297" endtime="20220104 20:33:27.339"/>
</kw>
<kw name="Maximize Browser Window" library="SeleniumLibrary">
<doc>Maximizes current browser window.</doc>
<status status="PASS" starttime="20220104 20:33:27.340" endtime="20220104 20:33:27.465"/>
</kw>
<status status="PASS" starttime="20220104 20:33:22.297" endtime="20220104 20:33:27.466"/>
</kw>
<test id="s1-s1-t1" name="ValidLoginTest">
<kw name="input useremail" library="LoginPageKeywords">
<arg>${useremail}</arg>
<kw name="Input Text" library="SeleniumLibrary">
<arg>${txt_emailid}</arg>
<arg>${useremail}</arg>
<doc>Types the given ``text`` into the text field identified by ``locator``.</doc>
<msg timestamp="20220104 20:33:27.469" level="INFO">Typing text 'testrobot@gmail.com' into text field 'id:input-email'.</msg>
<status status="PASS" starttime="20220104 20:33:27.468" endtime="20220104 20:33:27.661"/>
</kw>
<status status="PASS" starttime="20220104 20:33:27.468" endtime="20220104 20:33:27.662"/>
</kw>
<kw name="input password" library="LoginPageKeywords">
<arg>${password}</arg>
<kw name="Input Text" library="SeleniumLibrary">
<arg>${txt_password}</arg>
<arg>${password}</arg>
<doc>Types the given ``text`` into the text field identified by ``locator``.</doc>
<msg timestamp="20220104 20:33:27.663" level="INFO">Typing text '1234' into text field 'id:input-password'.</msg>
<status status="PASS" starttime="20220104 20:33:27.662" endtime="20220104 20:33:27.766"/>
</kw>
<status status="PASS" starttime="20220104 20:33:27.662" endtime="20220104 20:33:27.767"/>
</kw>
<kw name="click login" library="LoginPageKeywords">
<kw name="Click Button" library="SeleniumLibrary">
<arg>${btn_login}</arg>
<doc>Clicks the button identified by ``locator``.</doc>
<msg timestamp="20220104 20:33:27.770" level="INFO">Clicking button 'xpath://input[@type='submit']'.</msg>
<status status="PASS" starttime="20220104 20:33:27.769" endtime="20220104 20:33:30.465"/>
</kw>
<status status="PASS" starttime="20220104 20:33:27.767" endtime="20220104 20:33:30.465"/>
</kw>
<kw name="verify successful login" library="LoginPageKeywords">
<kw name="Title Should Be" library="SeleniumLibrary">
<arg>${login_page_title}</arg>
<doc>Verifies that the current page title equals ``title``.</doc>
<msg timestamp="20220104 20:33:30.472" level="INFO">Page title is 'My Account'.</msg>
<status status="PASS" starttime="20220104 20:33:30.467" endtime="20220104 20:33:30.473"/>
</kw>
<kw name="Log" library="BuiltIn">
<arg>Login Successful</arg>
<doc>Logs the given message with the given level.</doc>
<msg timestamp="20220104 20:33:30.475" level="INFO">Login Successful</msg>
<status status="PASS" starttime="20220104 20:33:30.473" endtime="20220104 20:33:30.475"/>
</kw>
<status status="PASS" starttime="20220104 20:33:30.465" endtime="20220104 20:33:30.476"/>
</kw>
<kw name="Wait Until Page Contains Element" library="SeleniumLibrary">
<arg>${link_MyAccount}</arg>
<doc>Waits until the element ``locator`` appears on the current page.</doc>
<status status="PASS" starttime="20220104 20:33:30.476" endtime="20220104 20:33:30.488"/>
</kw>
<kw name="click logout link" library="LoginPageKeywords">
<kw name="Click Element" library="SeleniumLibrary">
<arg>${link_MyAccount}</arg>
<doc>Click the element identified by ``locator``.</doc>
<msg timestamp="20220104 20:33:30.489" level="INFO">Clicking element 'xpath://span[text()='My Account']'.</msg>
<status status="PASS" starttime="20220104 20:33:30.489" endtime="20220104 20:33:30.533"/>
</kw>
<kw name="Click Element" library="SeleniumLibrary">
<arg>${link_logout}</arg>
<doc>Click the element identified by ``locator``.</doc>
<msg timestamp="20220104 20:33:30.534" level="INFO">Clicking element 'xpath://li//a[text()='Logout']'.</msg>
<status status="PASS" starttime="20220104 20:33:30.533" endtime="20220104 20:33:32.950"/>
</kw>
<status status="PASS" starttime="20220104 20:33:30.489" endtime="20220104 20:33:32.951"/>
</kw>
<status status="PASS" starttime="20220104 20:33:27.466" endtime="20220104 20:33:32.951"/>
</test>
<test id="s1-s1-t2" name="Verify Forgot Password Link">
<kw name="Go To" library="SeleniumLibrary">
<arg>${url}</arg>
<doc>Navigates the current browser window to the provided ``url``.</doc>
<msg timestamp="20220104 20:33:32.955" level="INFO">Opening url 'https://demo.opencart.com/index.php?route=account/login'</msg>
<status status="PASS" starttime="20220104 20:33:32.954" endtime="20220104 20:33:34.468"/>
</kw>
<kw name="click forgot password link" library="LoginPageKeywords">
<kw name="Click Link" library="SeleniumLibrary">
<arg>${link_forgotpassword}</arg>
<doc>Clicks a link identified by ``locator``.</doc>
<msg timestamp="20220104 20:33:34.471" level="INFO">Clicking link 'xpath://div[@class='form-group']//a[text()='Forgotten Password']'.</msg>
<status status="PASS" starttime="20220104 20:33:34.470" endtime="20220104 20:33:35.757"/>
</kw>
<status status="PASS" starttime="20220104 20:33:34.469" endtime="20220104 20:33:35.758"/>
</kw>
<kw name="verify forgot password link navigation" library="LoginPageKeywords">
<kw name="Page Should Contain" library="SeleniumLibrary">
<arg>Forgot Your Password?</arg>
<doc>Verifies that current page contains ``text``.</doc>
<msg timestamp="20220104 20:33:35.784" level="INFO">Current page contains text 'Forgot Your Password?'.</msg>
<status status="PASS" starttime="20220104 20:33:35.762" endtime="20220104 20:33:35.785"/>
</kw>
<status status="PASS" starttime="20220104 20:33:35.759" endtime="20220104 20:33:35.786"/>
</kw>
<status status="PASS" starttime="20220104 20:33:32.951" endtime="20220104 20:33:35.786"/>
</test>
<kw name="close app" library="LoginPageKeywords" type="TEARDOWN">
<kw name="Close All Browsers" library="SeleniumLibrary">
<doc>Closes all open browsers and resets the browser cache.</doc>
<status status="PASS" starttime="20220104 20:33:35.788" endtime="20220104 20:33:37.945"/>
</kw>
<status status="PASS" starttime="20220104 20:33:35.788" endtime="20220104 20:33:37.945"/>
</kw>
<status status="PASS" starttime="20220104 20:33:22.073" endtime="20220104 20:33:37.945"/>
</suite>
<suite id="s1-s2" name="LoginTest DataDriven" source="C:\Users\user\PycharmProjects\RobotFramework-POM Pattern\TestCases\LoginTest_DataDriven.robot">
<kw name="open app" library="LoginPageKeywords" type="SETUP">
<arg>${url}</arg>
<arg>${browser}</arg>
<kw name="Open Browser" library="SeleniumLibrary">
<arg>${url}</arg>
<arg>${browser}</arg>
<doc>Opens a new browser instance to the optional ``url``.</doc>
<msg timestamp="20220104 20:33:23.145" level="INFO">Opening browser 'chrome' to base url 'https://demo.opencart.com/index.php?route=account/login'.</msg>
<status status="PASS" starttime="20220104 20:33:23.145" endtime="20220104 20:33:27.753"/>
</kw>
<kw name="Maximize Browser Window" library="SeleniumLibrary">
<doc>Maximizes current browser window.</doc>
<status status="PASS" starttime="20220104 20:33:27.754" endtime="20220104 20:33:27.875"/>
</kw>
<status status="PASS" starttime="20220104 20:33:23.129" endtime="20220104 20:33:27.875"/>
</kw>
<test id="s1-s2-t1" name="Data driven test using invalid login data">
<kw name="Invalid Login">
<arg>testrobot11@gmail.com</arg>
<arg>1234</arg>
<kw name="input useremail" library="LoginPageKeywords">
<arg>${username}</arg>
<kw name="Input Text" library="SeleniumLibrary">
<arg>${txt_emailid}</arg>
<arg>${useremail}</arg>
<doc>Types the given ``text`` into the text field identified by ``locator``.</doc>
<msg timestamp="20220104 20:33:27.880" level="INFO">Typing text 'testrobot11@gmail.com' into text field 'id:input-email'.</msg>
<status status="PASS" starttime="20220104 20:33:27.879" endtime="20220104 20:33:28.010"/>
</kw>
<status status="PASS" starttime="20220104 20:33:27.879" endtime="20220104 20:33:28.010"/>
</kw>
<kw name="input password" library="LoginPageKeywords">
<arg>${password}</arg>
<kw name="Input Text" library="SeleniumLibrary">
<arg>${txt_password}</arg>
<arg>${password}</arg>
<doc>Types the given ``text`` into the text field identified by ``locator``.</doc>
<msg timestamp="20220104 20:33:28.011" level="INFO">Typing text '1234' into text field 'id:input-password'.</msg>
<status status="PASS" starttime="20220104 20:33:28.011" endtime="20220104 20:33:28.080"/>
</kw>
<status status="PASS" starttime="20220104 20:33:28.010" endtime="20220104 20:33:28.081"/>
</kw>
<kw name="click login" library="LoginPageKeywords">
<kw name="Click Button" library="SeleniumLibrary">
<arg>${btn_login}</arg>
<doc>Clicks the button identified by ``locator``.</doc>
<msg timestamp="20220104 20:33:28.082" level="INFO">Clicking button 'xpath://input[@type='submit']'.</msg>
<status status="PASS" starttime="20220104 20:33:28.081" endtime="20220104 20:33:29.467"/>
</kw>
<status status="PASS" starttime="20220104 20:33:28.081" endtime="20220104 20:33:29.468"/>
</kw>
<kw name="verify unsuccessful login" library="LoginPageKeywords">
<kw name="Page Should Contain" library="SeleniumLibrary">
<arg>Warning: No match for E-Mail Address and/or Password.</arg>
<doc>Verifies that current page contains ``text``.</doc>
<msg timestamp="20220104 20:33:29.490" level="INFO">Current page contains text 'Warning: No match for E-Mail Address and/or Password.'.</msg>
<status status="PASS" starttime="20220104 20:33:29.469" endtime="20220104 20:33:29.490"/>
</kw>
<kw name="Log" library="BuiltIn">
<arg>Login not successful</arg>
<doc>Logs the given message with the given level.</doc>
<msg timestamp="20220104 20:33:29.491" level="INFO">Login not successful</msg>
<status status="PASS" starttime="20220104 20:33:29.491" endtime="20220104 20:33:29.491"/>
</kw>
<status status="PASS" starttime="20220104 20:33:29.468" endtime="20220104 20:33:29.492"/>
</kw>
<status status="PASS" starttime="20220104 20:33:27.878" endtime="20220104 20:33:29.492"/>
</kw>
<status status="PASS" starttime="20220104 20:33:27.876" endtime="20220104 20:33:29.492"/>
</test>
<test id="s1-s2-t2" name="Data driven test using invalid login data">
<kw name="Invalid Login">
<arg>testrobot@gmail.com</arg>
<arg>1111</arg>
<kw name="input useremail" library="LoginPageKeywords">
<arg>${username}</arg>
<kw name="Input Text" library="SeleniumLibrary">
<arg>${txt_emailid}</arg>
<arg>${useremail}</arg>
<doc>Types the given ``text`` into the text field identified by ``locator``.</doc>
<msg timestamp="20220104 20:33:29.497" level="INFO">Typing text 'testrobot@gmail.com' into text field 'id:input-email'.</msg>
<status status="PASS" starttime="20220104 20:33:29.496" endtime="20220104 20:33:29.601"/>
</kw>
<status status="PASS" starttime="20220104 20:33:29.496" endtime="20220104 20:33:29.602"/>
</kw>
<kw name="input password" library="LoginPageKeywords">
<arg>${password}</arg>
<kw name="Input Text" library="SeleniumLibrary">
<arg>${txt_password}</arg>
<arg>${password}</arg>
<doc>Types the given ``text`` into the text field identified by ``locator``.</doc>
<msg timestamp="20220104 20:33:29.603" level="INFO">Typing text '1111' into text field 'id:input-password'.</msg>
<status status="PASS" starttime="20220104 20:33:29.602" endtime="20220104 20:33:29.689"/>
</kw>
<status status="PASS" starttime="20220104 20:33:29.602" endtime="20220104 20:33:29.689"/>
</kw>
<kw name="click login" library="LoginPageKeywords">
<kw name="Click Button" library="SeleniumLibrary">
<arg>${btn_login}</arg>
<doc>Clicks the button identified by ``locator``.</doc>
<msg timestamp="20220104 20:33:29.691" level="INFO">Clicking button 'xpath://input[@type='submit']'.</msg>
<status status="PASS" starttime="20220104 20:33:29.690" endtime="20220104 20:33:31.122"/>
</kw>
<status status="PASS" starttime="20220104 20:33:29.690" endtime="20220104 20:33:31.123"/>
</kw>
<kw name="verify unsuccessful login" library="LoginPageKeywords">
<kw name="Page Should Contain" library="SeleniumLibrary">
<arg>Warning: No match for E-Mail Address and/or Password.</arg>
<doc>Verifies that current page contains ``text``.</doc>
<msg timestamp="20220104 20:33:31.143" level="INFO">Current page contains text 'Warning: No match for E-Mail Address and/or Password.'.</msg>
<status status="PASS" starttime="20220104 20:33:31.124" endtime="20220104 20:33:31.144"/>
</kw>
<kw name="Log" library="BuiltIn">
<arg>Login not successful</arg>
<doc>Logs the given message with the given level.</doc>
<msg timestamp="20220104 20:33:31.145" level="INFO">Login not successful</msg>
<status status="PASS" starttime="20220104 20:33:31.144" endtime="20220104 20:33:31.145"/>
</kw>
<status status="PASS" starttime="20220104 20:33:31.124" endtime="20220104 20:33:31.145"/>
</kw>
<status status="PASS" starttime="20220104 20:33:29.495" endtime="20220104 20:33:31.145"/>
</kw>
<status status="PASS" starttime="20220104 20:33:29.493" endtime="20220104 20:33:31.146"/>
</test>
<test id="s1-s2-t3" name="Data driven test using invalid login data">
<kw name="Invalid Login">
<arg>testrobot111@gmail.com</arg>
<arg>12341ff</arg>
<kw name="input useremail" library="LoginPageKeywords">
<arg>${username}</arg>
<kw name="Input Text" library="SeleniumLibrary">
<arg>${txt_emailid}</arg>
<arg>${useremail}</arg>
<doc>Types the given ``text`` into the text field identified by ``locator``.</doc>
<msg timestamp="20220104 20:33:31.155" level="INFO">Typing text 'testrobot111@gmail.com' into text field 'id:input-email'.</msg>
<status status="PASS" starttime="20220104 20:33:31.154" endtime="20220104 20:33:31.246"/>
</kw>
<status status="PASS" starttime="20220104 20:33:31.152" endtime="20220104 20:33:31.246"/>
</kw>
<kw name="input password" library="LoginPageKeywords">
<arg>${password}</arg>
<kw name="Input Text" library="SeleniumLibrary">
<arg>${txt_password}</arg>
<arg>${password}</arg>
<doc>Types the given ``text`` into the text field identified by ``locator``.</doc>
<msg timestamp="20220104 20:33:31.247" level="INFO">Typing text '12341ff' into text field 'id:input-password'.</msg>
<status status="PASS" starttime="20220104 20:33:31.247" endtime="20220104 20:33:31.329"/>
</kw>
<status status="PASS" starttime="20220104 20:33:31.246" endtime="20220104 20:33:31.330"/>
</kw>
<kw name="click login" library="LoginPageKeywords">
<kw name="Click Button" library="SeleniumLibrary">
<arg>${btn_login}</arg>
<doc>Clicks the button identified by ``locator``.</doc>
<msg timestamp="20220104 20:33:31.331" level="INFO">Clicking button 'xpath://input[@type='submit']'.</msg>
<status status="PASS" starttime="20220104 20:33:31.330" endtime="20220104 20:33:32.736"/>
</kw>
<status status="PASS" starttime="20220104 20:33:31.330" endtime="20220104 20:33:32.740"/>
</kw>
<kw name="verify unsuccessful login" library="LoginPageKeywords">
<kw name="Page Should Contain" library="SeleniumLibrary">
<arg>Warning: No match for E-Mail Address and/or Password.</arg>
<doc>Verifies that current page contains ``text``.</doc>
<msg timestamp="20220104 20:33:32.774" level="INFO">Current page contains text 'Warning: No match for E-Mail Address and/or Password.'.</msg>
<status status="PASS" starttime="20220104 20:33:32.744" endtime="20220104 20:33:32.774"/>
</kw>
<kw name="Log" library="BuiltIn">
<arg>Login not successful</arg>
<doc>Logs the given message with the given level.</doc>
<msg timestamp="20220104 20:33:32.775" level="INFO">Login not successful</msg>
<status status="PASS" starttime="20220104 20:33:32.774" endtime="20220104 20:33:32.775"/>
</kw>
<status status="PASS" starttime="20220104 20:33:32.742" endtime="20220104 20:33:32.775"/>
</kw>
<status status="PASS" starttime="20220104 20:33:31.151" endtime="20220104 20:33:32.776"/>
</kw>
<status status="PASS" starttime="20220104 20:33:31.147" endtime="20220104 20:33:32.776"/>
</test>
<test id="s1-s2-t4" name="Data driven test using invalid login data">
<kw name="Invalid Login">
<arg>${EMPTY}</arg>
<arg>1234</arg>
<kw name="input useremail" library="LoginPageKeywords">
<arg>${username}</arg>
<kw name="Input Text" library="SeleniumLibrary">
<arg>${txt_emailid}</arg>
<arg>${useremail}</arg>
<doc>Types the given ``text`` into the text field identified by ``locator``.</doc>
<msg timestamp="20220104 20:33:32.780" level="INFO">Typing text '' into text field 'id:input-email'.</msg>
<status status="PASS" starttime="20220104 20:33:32.780" endtime="20220104 20:33:32.858"/>
</kw>
<status status="PASS" starttime="20220104 20:33:32.779" endtime="20220104 20:33:32.858"/>
</kw>
<kw name="input password" library="LoginPageKeywords">
<arg>${password}</arg>
<kw name="Input Text" library="SeleniumLibrary">
<arg>${txt_password}</arg>
<arg>${password}</arg>
<doc>Types the given ``text`` into the text field identified by ``locator``.</doc>
<msg timestamp="20220104 20:33:32.860" level="INFO">Typing text '1234' into text field 'id:input-password'.</msg>
<status status="PASS" starttime="20220104 20:33:32.859" endtime="20220104 20:33:32.947"/>
</kw>
<status status="PASS" starttime="20220104 20:33:32.859" endtime="20220104 20:33:32.947"/>
</kw>
<kw name="click login" library="LoginPageKeywords">
<kw name="Click Button" library="SeleniumLibrary">
<arg>${btn_login}</arg>
<doc>Clicks the button identified by ``locator``.</doc>
<msg timestamp="20220104 20:33:32.949" level="INFO">Clicking button 'xpath://input[@type='submit']'.</msg>
<status status="PASS" starttime="20220104 20:33:32.948" endtime="20220104 20:33:34.388"/>
</kw>
<status status="PASS" starttime="20220104 20:33:32.948" endtime="20220104 20:33:34.390"/>
</kw>
<kw name="verify unsuccessful login" library="LoginPageKeywords">
<kw name="Page Should Contain" library="SeleniumLibrary">
<arg>Warning: No match for E-Mail Address and/or Password.</arg>
<doc>Verifies that current page contains ``text``.</doc>
<msg timestamp="20220104 20:33:34.421" level="INFO">Current page contains text 'Warning: No match for E-Mail Address and/or Password.'.</msg>
<status status="PASS" starttime="20220104 20:33:34.393" endtime="20220104 20:33:34.421"/>
</kw>
<kw name="Log" library="BuiltIn">
<arg>Login not successful</arg>
<doc>Logs the given message with the given level.</doc>
<msg timestamp="20220104 20:33:34.422" level="INFO">Login not successful</msg>
<status status="PASS" starttime="20220104 20:33:34.421" endtime="20220104 20:33:34.422"/>
</kw>
<status status="PASS" starttime="20220104 20:33:34.392" endtime="20220104 20:33:34.422"/>
</kw>
<status status="PASS" starttime="20220104 20:33:32.778" endtime="20220104 20:33:34.422"/>
</kw>
<status status="PASS" starttime="20220104 20:33:32.777" endtime="20220104 20:33:34.423"/>
</test>
<test id="s1-s2-t5" name="Data driven test using invalid login data">
<kw name="Invalid Login">
<arg>testrobot@gmail.com</arg>
<arg>${EMPTY}</arg>
<kw name="input useremail" library="LoginPageKeywords">
<arg>${username}</arg>
<kw name="Input Text" library="SeleniumLibrary">
<arg>${txt_emailid}</arg>
<arg>${useremail}</arg>
<doc>Types the given ``text`` into the text field identified by ``locator``.</doc>
<msg timestamp="20220104 20:33:34.426" level="INFO">Typing text 'testrobot@gmail.com' into text field 'id:input-email'.</msg>
<status status="PASS" starttime="20220104 20:33:34.426" endtime="20220104 20:33:34.522"/>
</kw>
<status status="PASS" starttime="20220104 20:33:34.426" endtime="20220104 20:33:34.522"/>
</kw>
<kw name="input password" library="LoginPageKeywords">
<arg>${password}</arg>
<kw name="Input Text" library="SeleniumLibrary">
<arg>${txt_password}</arg>
<arg>${password}</arg>
<doc>Types the given ``text`` into the text field identified by ``locator``.</doc>
<msg timestamp="20220104 20:33:34.525" level="INFO">Typing text '' into text field 'id:input-password'.</msg>
<status status="PASS" starttime="20220104 20:33:34.524" endtime="20220104 20:33:34.592"/>
</kw>
<status status="PASS" starttime="20220104 20:33:34.522" endtime="20220104 20:33:34.593"/>
</kw>
<kw name="click login" library="LoginPageKeywords">
<kw name="Click Button" library="SeleniumLibrary">
<arg>${btn_login}</arg>
<doc>Clicks the button identified by ``locator``.</doc>
<msg timestamp="20220104 20:33:34.594" level="INFO">Clicking button 'xpath://input[@type='submit']'.</msg>
<status status="PASS" starttime="20220104 20:33:34.593" endtime="20220104 20:33:35.944"/>
</kw>
<status status="PASS" starttime="20220104 20:33:34.593" endtime="20220104 20:33:35.944"/>
</kw>
<kw name="verify unsuccessful login" library="LoginPageKeywords">
<kw name="Page Should Contain" library="SeleniumLibrary">
<arg>Warning: No match for E-Mail Address and/or Password.</arg>
<doc>Verifies that current page contains ``text``.</doc>
<msg timestamp="20220104 20:33:35.955" level="INFO">Current page contains text 'Warning: No match for E-Mail Address and/or Password.'.</msg>
<status status="PASS" starttime="20220104 20:33:35.945" endtime="20220104 20:33:35.956"/>
</kw>
<kw name="Log" library="BuiltIn">
<arg>Login not successful</arg>
<doc>Logs the given message with the given level.</doc>
<msg timestamp="20220104 20:33:35.956" level="INFO">Login not successful</msg>
<status status="PASS" starttime="20220104 20:33:35.956" endtime="20220104 20:33:35.956"/>
</kw>
<status status="PASS" starttime="20220104 20:33:35.945" endtime="20220104 20:33:35.956"/>
</kw>
<status status="PASS" starttime="20220104 20:33:34.425" endtime="20220104 20:33:35.957"/>
</kw>
<status status="PASS" starttime="20220104 20:33:34.423" endtime="20220104 20:33:35.957"/>
</test>
<kw name="close app" library="LoginPageKeywords" type="TEARDOWN">
<kw name="Close All Browsers" library="SeleniumLibrary">
<doc>Closes all open browsers and resets the browser cache.</doc>
<status status="PASS" starttime="20220104 20:33:35.959" endtime="20220104 20:33:38.161"/>
</kw>
<status status="PASS" starttime="20220104 20:33:35.959" endtime="20220104 20:33:38.161"/>
</kw>
<status status="PASS" starttime="20220104 20:33:22.073" endtime="20220104 20:33:38.161"/>
</suite>
<suite id="s1-s3" name="RegistrationTest" source="C:\Users\user\PycharmProjects\RobotFramework-POM Pattern\TestCases\RegistrationTest.robot">
<kw name="open app" library="RegistrationPageKeywords" type="SETUP">
<arg>${url}</arg>
<arg>${browser}</arg>
<kw name="Open Browser" library="SeleniumLibrary">
<arg>${url}</arg>
<arg>${browser}</arg>
<doc>Opens a new browser instance to the optional ``url``.</doc>
<msg timestamp="20220104 20:33:39.140" level="INFO">Opening browser 'chrome' to base url 'https://demo.opencart.com/index.php?route=account/register'.</msg>
<status status="PASS" starttime="20220104 20:33:39.140" endtime="20220104 20:33:44.217"/>
</kw>
<kw name="Maximize Browser Window" library="SeleniumLibrary">
<doc>Maximizes current browser window.</doc>
<status status="PASS" starttime="20220104 20:33:44.217" endtime="20220104 20:33:44.339"/>
</kw>
<status status="PASS" starttime="20220104 20:33:39.140" endtime="20220104 20:33:44.339"/>
</kw>
<test id="s1-s3-t1" name="RegisterAccount">
<kw name="input first name" library="RegistrationPageKeywords">
<arg>${firstName}</arg>
<kw name="Input Text" library="SeleniumLibrary">
<arg>${txt_firstName}</arg>
<arg>${firstName}</arg>
<doc>Types the given ``text`` into the text field identified by ``locator``.</doc>
<msg timestamp="20220104 20:33:44.341" level="INFO">Typing text 'Raj' into text field 'id:input-firstname'.</msg>
<status status="PASS" starttime="20220104 20:33:44.341" endtime="20220104 20:33:44.470"/>
</kw>
<status status="PASS" starttime="20220104 20:33:44.340" endtime="20220104 20:33:44.470"/>
</kw>
<kw name="input last name" library="RegistrationPageKeywords">
<arg>${lastName}</arg>
<kw name="Input Text" library="SeleniumLibrary">
<arg>${txt_lastName}</arg>
<arg>${lastName}</arg>
<doc>Types the given ``text`` into the text field identified by ``locator``.</doc>
<msg timestamp="20220104 20:33:44.473" level="INFO">Typing text 'Kumar' into text field 'id:input-lastname'.</msg>
<status status="PASS" starttime="20220104 20:33:44.471" endtime="20220104 20:33:44.623"/>
</kw>
<status status="PASS" starttime="20220104 20:33:44.470" endtime="20220104 20:33:44.623"/>
</kw>
<kw name="input emailid" library="RegistrationPageKeywords">
<arg>${emailid1}</arg>
<kw name="Input Text" library="SeleniumLibrary">
<arg>${txt_email}</arg>
<arg>${emailid}</arg>
<doc>Types the given ``text`` into the text field identified by ``locator``.</doc>
<msg timestamp="20220104 20:33:44.626" level="INFO">Typing text 'ba2rzxdh9@gmail.com' into text field 'id:input-email'.</msg>
<status status="PASS" starttime="20220104 20:33:44.624" endtime="20220104 20:33:44.750"/>
</kw>
<status status="PASS" starttime="20220104 20:33:44.623" endtime="20220104 20:33:44.751"/>
</kw>
<kw name="input telephone" library="RegistrationPageKeywords">
<arg>${telephone}</arg>
<kw name="Input Text" library="SeleniumLibrary">
<arg>${txt_phone}</arg>
<arg>${telephone}</arg>
<doc>Types the given ``text`` into the text field identified by ``locator``.</doc>
<msg timestamp="20220104 20:33:44.753" level="INFO">Typing text '9876456890' into text field 'id:input-telephone'.</msg>
<status status="PASS" starttime="20220104 20:33:44.753" endtime="20220104 20:33:44.848"/>
</kw>
<status status="PASS" starttime="20220104 20:33:44.752" endtime="20220104 20:33:44.850"/>
</kw>
<kw name="input password" library="RegistrationPageKeywords">
<arg>${password}</arg>
<kw name="Input Text" library="SeleniumLibrary">
<arg>${txt_password}</arg>
<arg>${password}</arg>
<doc>Types the given ``text`` into the text field identified by ``locator``.</doc>
<msg timestamp="20220104 20:33:44.852" level="INFO">Typing text '1234' into text field 'id:input-password'.</msg>
<status status="PASS" starttime="20220104 20:33:44.851" endtime="20220104 20:33:44.947"/>
</kw>
<status status="PASS" starttime="20220104 20:33:44.850" endtime="20220104 20:33:44.947"/>
</kw>
<kw name="input confirm password" library="RegistrationPageKeywords">
<arg>${confirmpwd}</arg>
<kw name="Input Text" library="SeleniumLibrary">
<arg>${txtPassword_confirm}</arg>
<arg>${confirmpwd}</arg>
<doc>Types the given ``text`` into the text field identified by ``locator``.</doc>
<msg timestamp="20220104 20:33:44.948" level="INFO">Typing text '1234' into text field 'id:input-confirm'.</msg>
<status status="PASS" starttime="20220104 20:33:44.948" endtime="20220104 20:33:45.039"/>
</kw>
<status status="PASS" starttime="20220104 20:33:44.947" endtime="20220104 20:33:45.039"/>
</kw>
<kw name="select subscribe radio button" library="RegistrationPageKeywords">
<arg>1</arg>
<kw name="Select Radio Button" library="SeleniumLibrary">
<arg>newsletter</arg>
<arg>${value}</arg>
<doc>Sets the radio button group ``group_name`` to ``value``.</doc>
<msg timestamp="20220104 20:33:45.041" level="INFO">Selecting '1' from radio button 'newsletter'.</msg>
<status status="PASS" starttime="20220104 20:33:45.040" endtime="20220104 20:33:45.110"/>
</kw>
<status status="PASS" starttime="20220104 20:33:45.039" endtime="20220104 20:33:45.111"/>
</kw>
<kw name="select privacy checkbox" library="RegistrationPageKeywords">
<kw name="Select Checkbox" library="SeleniumLibrary">
<arg>${chkbox_privacy}</arg>
<doc>Selects the checkbox identified by ``locator``.</doc>
<msg timestamp="20220104 20:33:45.112" level="INFO">Selecting checkbox 'xpath://input[@type='checkbox'  and @name='agree']'.</msg>
<status status="PASS" starttime="20220104 20:33:45.112" endtime="20220104 20:33:45.198"/>
</kw>
<status status="PASS" starttime="20220104 20:33:45.111" endtime="20220104 20:33:45.199"/>
</kw>
<kw name="click continue button" library="RegistrationPageKeywords">
<kw name="Click Element" library="SeleniumLibrary">
<arg>${btn_continue}</arg>
<doc>Click the element identified by ``locator``.</doc>
<msg timestamp="20220104 20:33:45.202" level="INFO">Clicking element 'xpath://input[@type='submit'  and @value='Continue']'.</msg>
<status status="PASS" starttime="20220104 20:33:45.201" endtime="20220104 20:33:47.547"/>
</kw>
<status status="PASS" starttime="20220104 20:33:45.199" endtime="20220104 20:33:47.548"/>
</kw>
<kw name="Wait Until Page Contains Element" library="SeleniumLibrary">
<arg>${success_element}</arg>
<doc>Waits until the element ``locator`` appears on the current page.</doc>
<status status="PASS" starttime="20220104 20:33:47.548" endtime="20220104 20:33:47.564"/>
</kw>
<kw name="Verify successful registration" library="RegistrationPageKeywords">
<kw name="Page Should Contain" library="SeleniumLibrary">
<arg>Your Account Has Been Created!</arg>
<doc>Verifies that current page contains ``text``.</doc>
<msg timestamp="20220104 20:33:47.579" level="INFO">Current page contains text 'Your Account Has Been Created!'.</msg>
<status status="PASS" starttime="20220104 20:33:47.565" endtime="20220104 20:33:47.579"/>
</kw>
<status status="PASS" starttime="20220104 20:33:47.565" endtime="20220104 20:33:47.579"/>
</kw>
<status status="PASS" starttime="20220104 20:33:44.340" endtime="20220104 20:33:47.580"/>
</test>
<kw name="close app" library="RegistrationPageKeywords" type="TEARDOWN">
<kw name="Close All Browsers" library="SeleniumLibrary">
<doc>Closes all open browsers and resets the browser cache.</doc>
<status status="PASS" starttime="20220104 20:33:47.581" endtime="20220104 20:33:49.717"/>
</kw>
<status status="PASS" starttime="20220104 20:33:47.580" endtime="20220104 20:33:49.717"/>
</kw>
<status status="PASS" starttime="20220104 20:33:38.891" endtime="20220104 20:33:49.717"/>
</suite>
<suite id="s1-s4" name="RegistrationTest DataDriven" source="C:\Users\user\PycharmProjects\RobotFramework-POM Pattern\TestCases\RegistrationTest_DataDriven.robot">
<kw name="open app" library="RegistrationPageKeywords" type="SETUP">
<arg>${url}</arg>
<arg>${browser}</arg>
<kw name="Open Browser" library="SeleniumLibrary">
<arg>${url}</arg>
<arg>${browser}</arg>
<doc>Opens a new browser instance to the optional ``url``.</doc>
<msg timestamp="20220104 20:33:40.072" level="INFO">Opening browser 'chrome' to base url 'https://demo.opencart.com/index.php?route=account/register'.</msg>
<status status="PASS" starttime="20220104 20:33:40.072" endtime="20220104 20:33:44.843"/>
</kw>
<kw name="Maximize Browser Window" library="SeleniumLibrary">
<doc>Maximizes current browser window.</doc>
<status status="PASS" starttime="20220104 20:33:44.844" endtime="20220104 20:33:44.973"/>
</kw>
<status status="PASS" starttime="20220104 20:33:40.072" endtime="20220104 20:33:44.974"/>
</kw>
<test id="s1-s4-t1" name="Data Driven Test Registration">
<kw name="Data Driven Registration">
<arg>Raj1</arg>
<arg>Kumar1</arg>
<arg>shiv222@gmail.com</arg>
<arg>9876012345</arg>
<arg>abc@123</arg>
<arg>abc@123</arg>
<arg>1</arg>
<kw name="input first name" library="RegistrationPageKeywords">
<arg>${firstName}</arg>
<kw name="Input Text" library="SeleniumLibrary">
<arg>${txt_firstName}</arg>
<arg>${firstName}</arg>
<doc>Types the given ``text`` into the text field identified by ``locator``.</doc>
<msg timestamp="20220104 20:33:44.978" level="INFO">Typing text 'Raj1' into text field 'id:input-firstname'.</msg>
<status status="PASS" starttime="20220104 20:33:44.978" endtime="20220104 20:33:45.091"/>
</kw>
<status status="PASS" starttime="20220104 20:33:44.977" endtime="20220104 20:33:45.091"/>
</kw>
<kw name="input last name" library="RegistrationPageKeywords">
<arg>${lastName}</arg>
<kw name="Input Text" library="SeleniumLibrary">
<arg>${txt_lastName}</arg>
<arg>${lastName}</arg>
<doc>Types the given ``text`` into the text field identified by ``locator``.</doc>
<msg timestamp="20220104 20:33:45.093" level="INFO">Typing text 'Kumar1' into text field 'id:input-lastname'.</msg>
<status status="PASS" starttime="20220104 20:33:45.092" endtime="20220104 20:33:45.177"/>
</kw>
<status status="PASS" starttime="20220104 20:33:45.091" endtime="20220104 20:33:45.178"/>
</kw>
<kw name="input emailid" library="RegistrationPageKeywords">
<arg>${emailid}</arg>
<kw name="Input Text" library="SeleniumLibrary">
<arg>${txt_email}</arg>
<arg>${emailid}</arg>
<doc>Types the given ``text`` into the text field identified by ``locator``.</doc>
<msg timestamp="20220104 20:33:45.179" level="INFO">Typing text 'shiv222@gmail.com' into text field 'id:input-email'.</msg>
<status status="PASS" starttime="20220104 20:33:45.179" endtime="20220104 20:33:45.317"/>
</kw>
<status status="PASS" starttime="20220104 20:33:45.178" endtime="20220104 20:33:45.317"/>
</kw>
<kw name="input telephone" library="RegistrationPageKeywords">
<arg>${telephone}</arg>
<kw name="Input Text" library="SeleniumLibrary">
<arg>${txt_phone}</arg>
<arg>${telephone}</arg>
<doc>Types the given ``text`` into the text field identified by ``locator``.</doc>
<msg timestamp="20220104 20:33:45.319" level="INFO">Typing text '9876012345' into text field 'id:input-telephone'.</msg>
<status status="PASS" starttime="20220104 20:33:45.318" endtime="20220104 20:33:45.425"/>
</kw>
<status status="PASS" starttime="20220104 20:33:45.317" endtime="20220104 20:33:45.426"/>
</kw>
<kw name="input password" library="RegistrationPageKeywords">
<arg>${password}</arg>
<kw name="Input Text" library="SeleniumLibrary">
<arg>${txt_password}</arg>
<arg>${password}</arg>
<doc>Types the given ``text`` into the text field identified by ``locator``.</doc>
<msg timestamp="20220104 20:33:45.427" level="INFO">Typing text 'abc@123' into text field 'id:input-password'.</msg>
<status status="PASS" starttime="20220104 20:33:45.427" endtime="20220104 20:33:45.512"/>
</kw>
<status status="PASS" starttime="20220104 20:33:45.426" endtime="20220104 20:33:45.512"/>
</kw>
<kw name="input confirm password" library="RegistrationPageKeywords">
<arg>${confirmpwd}</arg>
<kw name="Input Text" library="SeleniumLibrary">
<arg>${txtPassword_confirm}</arg>
<arg>${confirmpwd}</arg>
<doc>Types the given ``text`` into the text field identified by ``locator``.</doc>
<msg timestamp="20220104 20:33:45.514" level="INFO">Typing text 'abc@123' into text field 'id:input-confirm'.</msg>
<status status="PASS" starttime="20220104 20:33:45.513" endtime="20220104 20:33:45.590"/>
</kw>
<status status="PASS" starttime="20220104 20:33:45.512" endtime="20220104 20:33:45.590"/>
</kw>
<kw name="select subscribe radio button" library="RegistrationPageKeywords">
<arg>${radioBtnValue}</arg>
<kw name="Select Radio Button" library="SeleniumLibrary">
<arg>newsletter</arg>
<arg>${value}</arg>
<doc>Sets the radio button group ``group_name`` to ``value``.</doc>
<msg timestamp="20220104 20:33:45.591" level="INFO">Selecting '1' from radio button 'newsletter'.</msg>
<status status="PASS" starttime="20220104 20:33:45.591" endtime="20220104 20:33:45.649"/>
</kw>
<status status="PASS" starttime="20220104 20:33:45.590" endtime="20220104 20:33:45.650"/>
</kw>
<kw name="select privacy checkbox" library="RegistrationPageKeywords">
<kw name="Select Checkbox" library="SeleniumLibrary">
<arg>${chkbox_privacy}</arg>
<doc>Selects the checkbox identified by ``locator``.</doc>
<msg timestamp="20220104 20:33:45.652" level="INFO">Selecting checkbox 'xpath://input[@type='checkbox'  and @name='agree']'.</msg>
<status status="PASS" starttime="20220104 20:33:45.651" endtime="20220104 20:33:45.722"/>
</kw>
<status status="PASS" starttime="20220104 20:33:45.650" endtime="20220104 20:33:45.722"/>
</kw>
<kw name="click continue button" library="RegistrationPageKeywords">
<kw name="Click Element" library="SeleniumLibrary">
<arg>${btn_continue}</arg>
<doc>Click the element identified by ``locator``.</doc>
<msg timestamp="20220104 20:33:45.723" level="INFO">Clicking element 'xpath://input[@type='submit'  and @value='Continue']'.</msg>
<status status="PASS" starttime="20220104 20:33:45.723" endtime="20220104 20:33:48.744"/>
</kw>
<status status="PASS" starttime="20220104 20:33:45.722" endtime="20220104 20:33:48.744"/>
</kw>
<kw name="Verify successful registration" library="RegistrationPageKeywords">
<kw name="Page Should Contain" library="SeleniumLibrary">
<arg>Your Account Has Been Created!</arg>
<doc>Verifies that current page contains ``text``.</doc>
<msg timestamp="20220104 20:33:48.761" level="INFO">Current page contains text 'Your Account Has Been Created!'.</msg>
<status status="PASS" starttime="20220104 20:33:48.744" endtime="20220104 20:33:48.761"/>
</kw>
<status status="PASS" starttime="20220104 20:33:48.744" endtime="20220104 20:33:48.761"/>
</kw>
<kw name="click logout link" library="RegistrationPageKeywords">
<kw name="Click Element" library="SeleniumLibrary">
<arg>${link_MyAccount}</arg>
<doc>Click the element identified by ``locator``.</doc>
<msg timestamp="20220104 20:33:48.762" level="INFO">Clicking element 'xpath://span[text()='My Account']'.</msg>
<status status="PASS" starttime="20220104 20:33:48.762" endtime="20220104 20:33:48.812"/>
</kw>
<kw name="Click Element" library="SeleniumLibrary">
<arg>${link_logout}</arg>
<doc>Click the element identified by ``locator``.</doc>
<msg timestamp="20220104 20:33:48.813" level="INFO">Clicking element 'xpath://li//a[text()='Logout']'.</msg>
<status status="PASS" starttime="20220104 20:33:48.813" endtime="20220104 20:33:51.391"/>
</kw>
<status status="PASS" starttime="20220104 20:33:48.761" endtime="20220104 20:33:51.392"/>
</kw>
<kw name="Go To" library="SeleniumLibrary">
<arg>${url}</arg>
<doc>Navigates the current browser window to the provided ``url``.</doc>
<msg timestamp="20220104 20:33:51.394" level="INFO">Opening url 'https://demo.opencart.com/index.php?route=account/register'</msg>
<status status="PASS" starttime="20220104 20:33:51.392" endtime="20220104 20:33:52.977"/>
</kw>
<status status="PASS" starttime="20220104 20:33:44.976" endtime="20220104 20:33:52.977"/>
</kw>
<status status="PASS" starttime="20220104 20:33:44.974" endtime="20220104 20:33:52.977"/>
</test>
<test id="s1-s4-t2" name="Data Driven Test Registration">
<kw name="Data Driven Registration">
<arg>Raj2</arg>
<arg>Kumar2</arg>
<arg>shiv223@gmail.com</arg>
<arg>9876012346</arg>
<arg>abc@124</arg>
<arg>abc@124</arg>
<arg>0</arg>
<kw name="input first name" library="RegistrationPageKeywords">
<arg>${firstName}</arg>
<kw name="Input Text" library="SeleniumLibrary">
<arg>${txt_firstName}</arg>
<arg>${firstName}</arg>
<doc>Types the given ``text`` into the text field identified by ``locator``.</doc>
<msg timestamp="20220104 20:33:52.985" level="INFO">Typing text 'Raj2' into text field 'id:input-firstname'.</msg>
<status status="PASS" starttime="20220104 20:33:52.985" endtime="20220104 20:33:53.066"/>
</kw>
<status status="PASS" starttime="20220104 20:33:52.984" endtime="20220104 20:33:53.067"/>
</kw>
<kw name="input last name" library="RegistrationPageKeywords">
<arg>${lastName}</arg>
<kw name="Input Text" library="SeleniumLibrary">
<arg>${txt_lastName}</arg>
<arg>${lastName}</arg>
<doc>Types the given ``text`` into the text field identified by ``locator``.</doc>
<msg timestamp="20220104 20:33:53.068" level="INFO">Typing text 'Kumar2' into text field 'id:input-lastname'.</msg>
<status status="PASS" starttime="20220104 20:33:53.068" endtime="20220104 20:33:53.146"/>
</kw>
<status status="PASS" starttime="20220104 20:33:53.067" endtime="20220104 20:33:53.147"/>
</kw>
<kw name="input emailid" library="RegistrationPageKeywords">
<arg>${emailid}</arg>
<kw name="Input Text" library="SeleniumLibrary">
<arg>${txt_email}</arg>
<arg>${emailid}</arg>
<doc>Types the given ``text`` into the text field identified by ``locator``.</doc>
<msg timestamp="20220104 20:33:53.148" level="INFO">Typing text 'shiv223@gmail.com' into text field 'id:input-email'.</msg>
<status status="PASS" starttime="20220104 20:33:53.147" endtime="20220104 20:33:53.232"/>
</kw>
<status status="PASS" starttime="20220104 20:33:53.147" endtime="20220104 20:33:53.233"/>
</kw>
<kw name="input telephone" library="RegistrationPageKeywords">
<arg>${telephone}</arg>
<kw name="Input Text" library="SeleniumLibrary">
<arg>${txt_phone}</arg>
<arg>${telephone}</arg>
<doc>Types the given ``text`` into the text field identified by ``locator``.</doc>
<msg timestamp="20220104 20:33:53.234" level="INFO">Typing text '9876012346' into text field 'id:input-telephone'.</msg>
<status status="PASS" starttime="20220104 20:33:53.233" endtime="20220104 20:33:53.313"/>
</kw>
<status status="PASS" starttime="20220104 20:33:53.233" endtime="20220104 20:33:53.314"/>
</kw>
<kw name="input password" library="RegistrationPageKeywords">
<arg>${password}</arg>
<kw name="Input Text" library="SeleniumLibrary">
<arg>${txt_password}</arg>
<arg>${password}</arg>
<doc>Types the given ``text`` into the text field identified by ``locator``.</doc>
<msg timestamp="20220104 20:33:53.315" level="INFO">Typing text 'abc@124' into text field 'id:input-password'.</msg>
<status status="PASS" starttime="20220104 20:33:53.315" endtime="20220104 20:33:53.389"/>
</kw>
<status status="PASS" starttime="20220104 20:33:53.314" endtime="20220104 20:33:53.389"/>
</kw>
<kw name="input confirm password" library="RegistrationPageKeywords">
<arg>${confirmpwd}</arg>
<kw name="Input Text" library="SeleniumLibrary">
<arg>${txtPassword_confirm}</arg>
<arg>${confirmpwd}</arg>
<doc>Types the given ``text`` into the text field identified by ``locator``.</doc>
<msg timestamp="20220104 20:33:53.390" level="INFO">Typing text 'abc@124' into text field 'id:input-confirm'.</msg>
<status status="PASS" starttime="20220104 20:33:53.390" endtime="20220104 20:33:53.464"/>
</kw>
<status status="PASS" starttime="20220104 20:33:53.389" endtime="20220104 20:33:53.465"/>
</kw>
<kw name="select subscribe radio button" library="RegistrationPageKeywords">
<arg>${radioBtnValue}</arg>
<kw name="Select Radio Button" library="SeleniumLibrary">
<arg>newsletter</arg>
<arg>${value}</arg>
<doc>Sets the radio button group ``group_name`` to ``value``.</doc>
<msg timestamp="20220104 20:33:53.467" level="INFO">Selecting '0' from radio button 'newsletter'.</msg>
<status status="PASS" starttime="20220104 20:33:53.466" endtime="20220104 20:33:53.489"/>
</kw>
<status status="PASS" starttime="20220104 20:33:53.465" endtime="20220104 20:33:53.489"/>
</kw>
<kw name="select privacy checkbox" library="RegistrationPageKeywords">
<kw name="Select Checkbox" library="SeleniumLibrary">
<arg>${chkbox_privacy}</arg>
<doc>Selects the checkbox identified by ``locator``.</doc>
<msg timestamp="20220104 20:33:53.490" level="INFO">Selecting checkbox 'xpath://input[@type='checkbox'  and @name='agree']'.</msg>
<status status="PASS" starttime="20220104 20:33:53.490" endtime="20220104 20:33:53.567"/>
</kw>
<status status="PASS" starttime="20220104 20:33:53.489" endtime="20220104 20:33:53.567"/>
</kw>
<kw name="click continue button" library="RegistrationPageKeywords">
<kw name="Click Element" library="SeleniumLibrary">
<arg>${btn_continue}</arg>
<doc>Click the element identified by ``locator``.</doc>
<msg timestamp="20220104 20:33:53.569" level="INFO">Clicking element 'xpath://input[@type='submit'  and @value='Continue']'.</msg>
<status status="PASS" starttime="20220104 20:33:53.568" endtime="20220104 20:33:56.407"/>
</kw>
<status status="PASS" starttime="20220104 20:33:53.567" endtime="20220104 20:33:56.408"/>
</kw>
<kw name="Verify successful registration" library="RegistrationPageKeywords">
<kw name="Page Should Contain" library="SeleniumLibrary">
<arg>Your Account Has Been Created!</arg>
<doc>Verifies that current page contains ``text``.</doc>
<msg timestamp="20220104 20:33:56.425" level="INFO">Current page contains text 'Your Account Has Been Created!'.</msg>
<status status="PASS" starttime="20220104 20:33:56.409" endtime="20220104 20:33:56.425"/>
</kw>
<status status="PASS" starttime="20220104 20:33:56.408" endtime="20220104 20:33:56.425"/>
</kw>
<kw name="click logout link" library="RegistrationPageKeywords">
<kw name="Click Element" library="SeleniumLibrary">
<arg>${link_MyAccount}</arg>
<doc>Click the element identified by ``locator``.</doc>
<msg timestamp="20220104 20:33:56.426" level="INFO">Clicking element 'xpath://span[text()='My Account']'.</msg>
<status status="PASS" starttime="20220104 20:33:56.426" endtime="20220104 20:33:56.465"/>
</kw>
<kw name="Click Element" library="SeleniumLibrary">
<arg>${link_logout}</arg>
<doc>Click the element identified by ``locator``.</doc>
<msg timestamp="20220104 20:33:56.466" level="INFO">Clicking element 'xpath://li//a[text()='Logout']'.</msg>
<status status="PASS" starttime="20220104 20:33:56.465" endtime="20220104 20:33:58.853"/>
</kw>
<status status="PASS" starttime="20220104 20:33:56.425" endtime="20220104 20:33:58.853"/>
</kw>
<kw name="Go To" library="SeleniumLibrary">
<arg>${url}</arg>
<doc>Navigates the current browser window to the provided ``url``.</doc>
<msg timestamp="20220104 20:33:58.854" level="INFO">Opening url 'https://demo.opencart.com/index.php?route=account/register'</msg>
<status status="PASS" starttime="20220104 20:33:58.854" endtime="20220104 20:34:00.068"/>
</kw>
<status status="PASS" starttime="20220104 20:33:52.981" endtime="20220104 20:34:00.069"/>
</kw>
<status status="PASS" starttime="20220104 20:33:52.978" endtime="20220104 20:34:00.069"/>
</test>
<test id="s1-s4-t3" name="Data Driven Test Registration">
<kw name="Data Driven Registration">
<arg>Raj3</arg>
<arg>Kumar3</arg>
<arg>shiv224@gmail.com</arg>
<arg>9876012347</arg>
<arg>abc@125</arg>
<arg>abc@125</arg>
<arg>1</arg>
<kw name="input first name" library="RegistrationPageKeywords">
<arg>${firstName}</arg>
<kw name="Input Text" library="SeleniumLibrary">
<arg>${txt_firstName}</arg>
<arg>${firstName}</arg>
<doc>Types the given ``text`` into the text field identified by ``locator``.</doc>
<msg timestamp="20220104 20:34:00.076" level="INFO">Typing text 'Raj3' into text field 'id:input-firstname'.</msg>
<status status="PASS" starttime="20220104 20:34:00.073" endtime="20220104 20:34:00.160"/>
</kw>
<status status="PASS" starttime="20220104 20:34:00.072" endtime="20220104 20:34:00.160"/>
</kw>
<kw name="input last name" library="RegistrationPageKeywords">
<arg>${lastName}</arg>
<kw name="Input Text" library="SeleniumLibrary">
<arg>${txt_lastName}</arg>
<arg>${lastName}</arg>
<doc>Types the given ``text`` into the text field identified by ``locator``.</doc>
<msg timestamp="20220104 20:34:00.161" level="INFO">Typing text 'Kumar3' into text field 'id:input-lastname'.</msg>
<status status="PASS" starttime="20220104 20:34:00.161" endtime="20220104 20:34:00.240"/>
</kw>
<status status="PASS" starttime="20220104 20:34:00.160" endtime="20220104 20:34:00.240"/>
</kw>
<kw name="input emailid" library="RegistrationPageKeywords">
<arg>${emailid}</arg>
<kw name="Input Text" library="SeleniumLibrary">
<arg>${txt_email}</arg>
<arg>${emailid}</arg>
<doc>Types the given ``text`` into the text field identified by ``locator``.</doc>
<msg timestamp="20220104 20:34:00.241" level="INFO">Typing text 'shiv224@gmail.com' into text field 'id:input-email'.</msg>
<status status="PASS" starttime="20220104 20:34:00.241" endtime="20220104 20:34:00.328"/>
</kw>
<status status="PASS" starttime="20220104 20:34:00.240" endtime="20220104 20:34:00.328"/>
</kw>
<kw name="input telephone" library="RegistrationPageKeywords">
<arg>${telephone}</arg>
<kw name="Input Text" library="SeleniumLibrary">
<arg>${txt_phone}</arg>
<arg>${telephone}</arg>
<doc>Types the given ``text`` into the text field identified by ``locator``.</doc>
<msg timestamp="20220104 20:34:00.329" level="INFO">Typing text '9876012347' into text field 'id:input-telephone'.</msg>
<status status="PASS" starttime="20220104 20:34:00.329" endtime="20220104 20:34:00.408"/>
</kw>
<status status="PASS" starttime="20220104 20:34:00.328" endtime="20220104 20:34:00.409"/>
</kw>
<kw name="input password" library="RegistrationPageKeywords">
<arg>${password}</arg>
<kw name="Input Text" library="SeleniumLibrary">
<arg>${txt_password}</arg>
<arg>${password}</arg>
<doc>Types the given ``text`` into the text field identified by ``locator``.</doc>
<msg timestamp="20220104 20:34:00.410" level="INFO">Typing text 'abc@125' into text field 'id:input-password'.</msg>
<status status="PASS" starttime="20220104 20:34:00.409" endtime="20220104 20:34:00.486"/>
</kw>
<status status="PASS" starttime="20220104 20:34:00.409" endtime="20220104 20:34:00.487"/>
</kw>
<kw name="input confirm password" library="RegistrationPageKeywords">
<arg>${confirmpwd}</arg>
<kw name="Input Text" library="SeleniumLibrary">
<arg>${txtPassword_confirm}</arg>
<arg>${confirmpwd}</arg>
<doc>Types the given ``text`` into the text field identified by ``locator``.</doc>
<msg timestamp="20220104 20:34:00.488" level="INFO">Typing text 'abc@125' into text field 'id:input-confirm'.</msg>
<status status="PASS" starttime="20220104 20:34:00.487" endtime="20220104 20:34:00.565"/>
</kw>
<status status="PASS" starttime="20220104 20:34:00.487" endtime="20220104 20:34:00.566"/>
</kw>
<kw name="select subscribe radio button" library="RegistrationPageKeywords">
<arg>${radioBtnValue}</arg>
<kw name="Select Radio Button" library="SeleniumLibrary">
<arg>newsletter</arg>
<arg>${value}</arg>
<doc>Sets the radio button group ``group_name`` to ``value``.</doc>
<msg timestamp="20220104 20:34:00.567" level="INFO">Selecting '1' from radio button 'newsletter'.</msg>
<status status="PASS" starttime="20220104 20:34:00.567" endtime="20220104 20:34:00.635"/>
</kw>
<status status="PASS" starttime="20220104 20:34:00.566" endtime="20220104 20:34:00.636"/>
</kw>
<kw name="select privacy checkbox" library="RegistrationPageKeywords">
<kw name="Select Checkbox" library="SeleniumLibrary">
<arg>${chkbox_privacy}</arg>
<doc>Selects the checkbox identified by ``locator``.</doc>
<msg timestamp="20220104 20:34:00.637" level="INFO">Selecting checkbox 'xpath://input[@type='checkbox'  and @name='agree']'.</msg>
<status status="PASS" starttime="20220104 20:34:00.637" endtime="20220104 20:34:00.705"/>
</kw>
<status status="PASS" starttime="20220104 20:34:00.636" endtime="20220104 20:34:00.705"/>
</kw>
<kw name="click continue button" library="RegistrationPageKeywords">
<kw name="Click Element" library="SeleniumLibrary">
<arg>${btn_continue}</arg>
<doc>Click the element identified by ``locator``.</doc>
<msg timestamp="20220104 20:34:00.706" level="INFO">Clicking element 'xpath://input[@type='submit'  and @value='Continue']'.</msg>
<status status="PASS" starttime="20220104 20:34:00.706" endtime="20220104 20:34:03.119"/>
</kw>
<status status="PASS" starttime="20220104 20:34:00.705" endtime="20220104 20:34:03.120"/>
</kw>
<kw name="Verify successful registration" library="RegistrationPageKeywords">
<kw name="Page Should Contain" library="SeleniumLibrary">
<arg>Your Account Has Been Created!</arg>
<doc>Verifies that current page contains ``text``.</doc>
<msg timestamp="20220104 20:34:03.132" level="INFO">Current page contains text 'Your Account Has Been Created!'.</msg>
<status status="PASS" starttime="20220104 20:34:03.120" endtime="20220104 20:34:03.132"/>
</kw>
<status status="PASS" starttime="20220104 20:34:03.120" endtime="20220104 20:34:03.132"/>
</kw>
<kw name="click logout link" library="RegistrationPageKeywords">
<kw name="Click Element" library="SeleniumLibrary">
<arg>${link_MyAccount}</arg>
<doc>Click the element identified by ``locator``.</doc>
<msg timestamp="20220104 20:34:03.134" level="INFO">Clicking element 'xpath://span[text()='My Account']'.</msg>
<status status="PASS" starttime="20220104 20:34:03.133" endtime="20220104 20:34:03.174"/>
</kw>
<kw name="Click Element" library="SeleniumLibrary">
<arg>${link_logout}</arg>
<doc>Click the element identified by ``locator``.</doc>
<msg timestamp="20220104 20:34:03.175" level="INFO">Clicking element 'xpath://li//a[text()='Logout']'.</msg>
<status status="PASS" starttime="20220104 20:34:03.174" endtime="20220104 20:34:05.335"/>
</kw>
<status status="PASS" starttime="20220104 20:34:03.132" endtime="20220104 20:34:05.335"/>
</kw>
<kw name="Go To" library="SeleniumLibrary">
<arg>${url}</arg>
<doc>Navigates the current browser window to the provided ``url``.</doc>
<msg timestamp="20220104 20:34:05.338" level="INFO">Opening url 'https://demo.opencart.com/index.php?route=account/register'</msg>
<status status="PASS" starttime="20220104 20:34:05.336" endtime="20220104 20:34:06.559"/>
</kw>
<status status="PASS" starttime="20220104 20:34:00.072" endtime="20220104 20:34:06.560"/>
</kw>
<status status="PASS" starttime="20220104 20:34:00.070" endtime="20220104 20:34:06.560"/>
</test>
<test id="s1-s4-t4" name="Data Driven Test Registration">
<kw name="Data Driven Registration">
<arg>Raj4</arg>
<arg>Kumar4</arg>
<arg>shiv225@gmail.com</arg>
<arg>9876012348</arg>
<arg>abc@126</arg>
<arg>abc@126</arg>
<arg>0</arg>
<kw name="input first name" library="RegistrationPageKeywords">
<arg>${firstName}</arg>
<kw name="Input Text" library="SeleniumLibrary">
<arg>${txt_firstName}</arg>
<arg>${firstName}</arg>
<doc>Types the given ``text`` into the text field identified by ``locator``.</doc>
<msg timestamp="20220104 20:34:06.568" level="INFO">Typing text 'Raj4' into text field 'id:input-firstname'.</msg>
<status status="PASS" starttime="20220104 20:34:06.567" endtime="20220104 20:34:06.649"/>
</kw>
<status status="PASS" starttime="20220104 20:34:06.566" endtime="20220104 20:34:06.649"/>
</kw>
<kw name="input last name" library="RegistrationPageKeywords">
<arg>${lastName}</arg>
<kw name="Input Text" library="SeleniumLibrary">
<arg>${txt_lastName}</arg>
<arg>${lastName}</arg>
<doc>Types the given ``text`` into the text field identified by ``locator``.</doc>
<msg timestamp="20220104 20:34:06.650" level="INFO">Typing text 'Kumar4' into text field 'id:input-lastname'.</msg>
<status status="PASS" starttime="20220104 20:34:06.650" endtime="20220104 20:34:06.731"/>
</kw>
<status status="PASS" starttime="20220104 20:34:06.649" endtime="20220104 20:34:06.731"/>
</kw>
<kw name="input emailid" library="RegistrationPageKeywords">
<arg>${emailid}</arg>
<kw name="Input Text" library="SeleniumLibrary">
<arg>${txt_email}</arg>
<arg>${emailid}</arg>
<doc>Types the given ``text`` into the text field identified by ``locator``.</doc>
<msg timestamp="20220104 20:34:06.733" level="INFO">Typing text 'shiv225@gmail.com' into text field 'id:input-email'.</msg>
<status status="PASS" starttime="20220104 20:34:06.732" endtime="20220104 20:34:06.817"/>
</kw>
<status status="PASS" starttime="20220104 20:34:06.732" endtime="20220104 20:34:06.817"/>
</kw>
<kw name="input telephone" library="RegistrationPageKeywords">
<arg>${telephone}</arg>
<kw name="Input Text" library="SeleniumLibrary">
<arg>${txt_phone}</arg>
<arg>${telephone}</arg>
<doc>Types the given ``text`` into the text field identified by ``locator``.</doc>
<msg timestamp="20220104 20:34:06.818" level="INFO">Typing text '9876012348' into text field 'id:input-telephone'.</msg>
<status status="PASS" starttime="20220104 20:34:06.818" endtime="20220104 20:34:06.899"/>
</kw>
<status status="PASS" starttime="20220104 20:34:06.817" endtime="20220104 20:34:06.899"/>
</kw>
<kw name="input password" library="RegistrationPageKeywords">
<arg>${password}</arg>
<kw name="Input Text" library="SeleniumLibrary">
<arg>${txt_password}</arg>
<arg>${password}</arg>
<doc>Types the given ``text`` into the text field identified by ``locator``.</doc>
<msg timestamp="20220104 20:34:06.900" level="INFO">Typing text 'abc@126' into text field 'id:input-password'.</msg>
<status status="PASS" starttime="20220104 20:34:06.900" endtime="20220104 20:34:06.978"/>
</kw>
<status status="PASS" starttime="20220104 20:34:06.899" endtime="20220104 20:34:06.978"/>
</kw>
<kw name="input confirm password" library="RegistrationPageKeywords">
<arg>${confirmpwd}</arg>
<kw name="Input Text" library="SeleniumLibrary">
<arg>${txtPassword_confirm}</arg>
<arg>${confirmpwd}</arg>
<doc>Types the given ``text`` into the text field identified by ``locator``.</doc>
<msg timestamp="20220104 20:34:06.980" level="INFO">Typing text 'abc@126' into text field 'id:input-confirm'.</msg>
<status status="PASS" starttime="20220104 20:34:06.979" endtime="20220104 20:34:07.058"/>
</kw>
<status status="PASS" starttime="20220104 20:34:06.978" endtime="20220104 20:34:07.058"/>
</kw>
<kw name="select subscribe radio button" library="RegistrationPageKeywords">
<arg>${radioBtnValue}</arg>
<kw name="Select Radio Button" library="SeleniumLibrary">
<arg>newsletter</arg>
<arg>${value}</arg>
<doc>Sets the radio button group ``group_name`` to ``value``.</doc>
<msg timestamp="20220104 20:34:07.059" level="INFO">Selecting '0' from radio button 'newsletter'.</msg>
<status status="PASS" starttime="20220104 20:34:07.059" endtime="20220104 20:34:07.076"/>
</kw>
<status status="PASS" starttime="20220104 20:34:07.059" endtime="20220104 20:34:07.076"/>
</kw>
<kw name="select privacy checkbox" library="RegistrationPageKeywords">
<kw name="Select Checkbox" library="SeleniumLibrary">
<arg>${chkbox_privacy}</arg>
<doc>Selects the checkbox identified by ``locator``.</doc>
<msg timestamp="20220104 20:34:07.078" level="INFO">Selecting checkbox 'xpath://input[@type='checkbox'  and @name='agree']'.</msg>
<status status="PASS" starttime="20220104 20:34:07.078" endtime="20220104 20:34:07.150"/>
</kw>
<status status="PASS" starttime="20220104 20:34:07.077" endtime="20220104 20:34:07.151"/>
</kw>
<kw name="click continue button" library="RegistrationPageKeywords">
<kw name="Click Element" library="SeleniumLibrary">
<arg>${btn_continue}</arg>
<doc>Click the element identified by ``locator``.</doc>
<msg timestamp="20220104 20:34:07.152" level="INFO">Clicking element 'xpath://input[@type='submit'  and @value='Continue']'.</msg>
<status status="PASS" starttime="20220104 20:34:07.151" endtime="20220104 20:34:09.520"/>
</kw>
<status status="PASS" starttime="20220104 20:34:07.151" endtime="20220104 20:34:09.521"/>
</kw>
<kw name="Verify successful registration" library="RegistrationPageKeywords">
<kw name="Page Should Contain" library="SeleniumLibrary">
<arg>Your Account Has Been Created!</arg>
<doc>Verifies that current page contains ``text``.</doc>
<msg timestamp="20220104 20:34:09.536" level="INFO">Current page contains text 'Your Account Has Been Created!'.</msg>
<status status="PASS" starttime="20220104 20:34:09.523" endtime="20220104 20:34:09.536"/>
</kw>
<status status="PASS" starttime="20220104 20:34:09.522" endtime="20220104 20:34:09.536"/>
</kw>
<kw name="click logout link" library="RegistrationPageKeywords">
<kw name="Click Element" library="SeleniumLibrary">
<arg>${link_MyAccount}</arg>
<doc>Click the element identified by ``locator``.</doc>
<msg timestamp="20220104 20:34:09.537" level="INFO">Clicking element 'xpath://span[text()='My Account']'.</msg>
<status status="PASS" starttime="20220104 20:34:09.537" endtime="20220104 20:34:09.578"/>
</kw>
<kw name="Click Element" library="SeleniumLibrary">
<arg>${link_logout}</arg>
<doc>Click the element identified by ``locator``.</doc>
<msg timestamp="20220104 20:34:09.579" level="INFO">Clicking element 'xpath://li//a[text()='Logout']'.</msg>
<status status="PASS" starttime="20220104 20:34:09.578" endtime="20220104 20:34:11.728"/>
</kw>
<status status="PASS" starttime="20220104 20:34:09.536" endtime="20220104 20:34:11.730"/>
</kw>
<kw name="Go To" library="SeleniumLibrary">
<arg>${url}</arg>
<doc>Navigates the current browser window to the provided ``url``.</doc>
<msg timestamp="20220104 20:34:11.732" level="INFO">Opening url 'https://demo.opencart.com/index.php?route=account/register'</msg>
<status status="PASS" starttime="20220104 20:34:11.731" endtime="20220104 20:34:12.937"/>
</kw>
<status status="PASS" starttime="20220104 20:34:06.565" endtime="20220104 20:34:12.938"/>
</kw>
<status status="PASS" starttime="20220104 20:34:06.561" endtime="20220104 20:34:12.938"/>
</test>
<test id="s1-s4-t5" name="Data Driven Test Registration">
<kw name="Data Driven Registration">
<arg>Raj5</arg>
<arg>Kumar5</arg>
<arg>shiv226@gmail.com</arg>
<arg>9876012349</arg>
<arg>abc@127</arg>
<arg>abc@127</arg>
<arg>1</arg>
<kw name="input first name" library="RegistrationPageKeywords">
<arg>${firstName}</arg>
<kw name="Input Text" library="SeleniumLibrary">
<arg>${txt_firstName}</arg>
<arg>${firstName}</arg>
<doc>Types the given ``text`` into the text field identified by ``locator``.</doc>
<msg timestamp="20220104 20:34:12.944" level="INFO">Typing text 'Raj5' into text field 'id:input-firstname'.</msg>
<status status="PASS" starttime="20220104 20:34:12.942" endtime="20220104 20:34:13.026"/>
</kw>
<status status="PASS" starttime="20220104 20:34:12.941" endtime="20220104 20:34:13.027"/>
</kw>
<kw name="input last name" library="RegistrationPageKeywords">
<arg>${lastName}</arg>
<kw name="Input Text" library="SeleniumLibrary">
<arg>${txt_lastName}</arg>
<arg>${lastName}</arg>
<doc>Types the given ``text`` into the text field identified by ``locator``.</doc>
<msg timestamp="20220104 20:34:13.029" level="INFO">Typing text 'Kumar5' into text field 'id:input-lastname'.</msg>
<status status="PASS" starttime="20220104 20:34:13.029" endtime="20220104 20:34:13.107"/>
</kw>
<status status="PASS" starttime="20220104 20:34:13.027" endtime="20220104 20:34:13.107"/>
</kw>
<kw name="input emailid" library="RegistrationPageKeywords">
<arg>${emailid}</arg>
<kw name="Input Text" library="SeleniumLibrary">
<arg>${txt_email}</arg>
<arg>${emailid}</arg>
<doc>Types the given ``text`` into the text field identified by ``locator``.</doc>
<msg timestamp="20220104 20:34:13.108" level="INFO">Typing text 'shiv226@gmail.com' into text field 'id:input-email'.</msg>
<status status="PASS" starttime="20220104 20:34:13.108" endtime="20220104 20:34:13.194"/>
</kw>
<status status="PASS" starttime="20220104 20:34:13.107" endtime="20220104 20:34:13.196"/>
</kw>
<kw name="input telephone" library="RegistrationPageKeywords">
<arg>${telephone}</arg>
<kw name="Input Text" library="SeleniumLibrary">
<arg>${txt_phone}</arg>
<arg>${telephone}</arg>
<doc>Types the given ``text`` into the text field identified by ``locator``.</doc>
<msg timestamp="20220104 20:34:13.198" level="INFO">Typing text '9876012349' into text field 'id:input-telephone'.</msg>
<status status="PASS" starttime="20220104 20:34:13.197" endtime="20220104 20:34:13.273"/>
</kw>
<status status="PASS" starttime="20220104 20:34:13.197" endtime="20220104 20:34:13.273"/>
</kw>
<kw name="input password" library="RegistrationPageKeywords">
<arg>${password}</arg>
<kw name="Input Text" library="SeleniumLibrary">
<arg>${txt_password}</arg>
<arg>${password}</arg>
<doc>Types the given ``text`` into the text field identified by ``locator``.</doc>
<msg timestamp="20220104 20:34:13.275" level="INFO">Typing text 'abc@127' into text field 'id:input-password'.</msg>
<status status="PASS" starttime="20220104 20:34:13.274" endtime="20220104 20:34:13.353"/>
</kw>
<status status="PASS" starttime="20220104 20:34:13.274" endtime="20220104 20:34:13.353"/>
</kw>
<kw name="input confirm password" library="RegistrationPageKeywords">
<arg>${confirmpwd}</arg>
<kw name="Input Text" library="SeleniumLibrary">
<arg>${txtPassword_confirm}</arg>
<arg>${confirmpwd}</arg>
<doc>Types the given ``text`` into the text field identified by ``locator``.</doc>
<msg timestamp="20220104 20:34:13.355" level="INFO">Typing text 'abc@127' into text field 'id:input-confirm'.</msg>
<status status="PASS" starttime="20220104 20:34:13.354" endtime="20220104 20:34:13.432"/>
</kw>
<status status="PASS" starttime="20220104 20:34:13.354" endtime="20220104 20:34:13.433"/>
</kw>
<kw name="select subscribe radio button" library="RegistrationPageKeywords">
<arg>${radioBtnValue}</arg>
<kw name="Select Radio Button" library="SeleniumLibrary">
<arg>newsletter</arg>
<arg>${value}</arg>
<doc>Sets the radio button group ``group_name`` to ``value``.</doc>
<msg timestamp="20220104 20:34:13.434" level="INFO">Selecting '1' from radio button 'newsletter'.</msg>
<status status="PASS" starttime="20220104 20:34:13.434" endtime="20220104 20:34:13.500"/>
</kw>
<status status="PASS" starttime="20220104 20:34:13.433" endtime="20220104 20:34:13.500"/>
</kw>
<kw name="select privacy checkbox" library="RegistrationPageKeywords">
<kw name="Select Checkbox" library="SeleniumLibrary">
<arg>${chkbox_privacy}</arg>
<doc>Selects the checkbox identified by ``locator``.</doc>
<msg timestamp="20220104 20:34:13.501" level="INFO">Selecting checkbox 'xpath://input[@type='checkbox'  and @name='agree']'.</msg>
<status status="PASS" starttime="20220104 20:34:13.501" endtime="20220104 20:34:13.570"/>
</kw>
<status status="PASS" starttime="20220104 20:34:13.500" endtime="20220104 20:34:13.570"/>
</kw>
<kw name="click continue button" library="RegistrationPageKeywords">
<kw name="Click Element" library="SeleniumLibrary">
<arg>${btn_continue}</arg>
<doc>Click the element identified by ``locator``.</doc>
<msg timestamp="20220104 20:34:13.571" level="INFO">Clicking element 'xpath://input[@type='submit'  and @value='Continue']'.</msg>
<status status="PASS" starttime="20220104 20:34:13.571" endtime="20220104 20:34:16.508"/>
</kw>
<status status="PASS" starttime="20220104 20:34:13.570" endtime="20220104 20:34:16.508"/>
</kw>
<kw name="Verify successful registration" library="RegistrationPageKeywords">
<kw name="Page Should Contain" library="SeleniumLibrary">
<arg>Your Account Has Been Created!</arg>
<doc>Verifies that current page contains ``text``.</doc>
<msg timestamp="20220104 20:34:16.522" level="INFO">Current page contains text 'Your Account Has Been Created!'.</msg>
<status status="PASS" starttime="20220104 20:34:16.509" endtime="20220104 20:34:16.522"/>
</kw>
<status status="PASS" starttime="20220104 20:34:16.509" endtime="20220104 20:34:16.522"/>
</kw>
<kw name="click logout link" library="RegistrationPageKeywords">
<kw name="Click Element" library="SeleniumLibrary">
<arg>${link_MyAccount}</arg>
<doc>Click the element identified by ``locator``.</doc>
<msg timestamp="20220104 20:34:16.524" level="INFO">Clicking element 'xpath://span[text()='My Account']'.</msg>
<status status="PASS" starttime="20220104 20:34:16.523" endtime="20220104 20:34:16.564"/>
</kw>
<kw name="Click Element" library="SeleniumLibrary">
<arg>${link_logout}</arg>
<doc>Click the element identified by ``locator``.</doc>
<msg timestamp="20220104 20:34:16.565" level="INFO">Clicking element 'xpath://li//a[text()='Logout']'.</msg>
<status status="PASS" starttime="20220104 20:34:16.565" endtime="20220104 20:34:19.014"/>
</kw>
<status status="PASS" starttime="20220104 20:34:16.523" endtime="20220104 20:34:19.014"/>
</kw>
<kw name="Go To" library="SeleniumLibrary">
<arg>${url}</arg>
<doc>Navigates the current browser window to the provided ``url``.</doc>
<msg timestamp="20220104 20:34:19.017" level="INFO">Opening url 'https://demo.opencart.com/index.php?route=account/register'</msg>
<status status="PASS" starttime="20220104 20:34:19.014" endtime="20220104 20:34:20.588"/>
</kw>
<status status="PASS" starttime="20220104 20:34:12.940" endtime="20220104 20:34:20.588"/>
</kw>
<status status="PASS" starttime="20220104 20:34:12.939" endtime="20220104 20:34:20.588"/>
</test>
<test id="s1-s4-t6" name="Data Driven Test Registration">
<kw name="Data Driven Registration">
<arg>Raj6</arg>
<arg>Kumar6</arg>
<arg>shiv227@gmail.com</arg>
<arg>9876012350</arg>
<arg>abc@128</arg>
<arg>abc@128</arg>
<arg>1</arg>
<kw name="input first name" library="RegistrationPageKeywords">
<arg>${firstName}</arg>
<kw name="Input Text" library="SeleniumLibrary">
<arg>${txt_firstName}</arg>
<arg>${firstName}</arg>
<doc>Types the given ``text`` into the text field identified by ``locator``.</doc>
<msg timestamp="20220104 20:34:20.599" level="INFO">Typing text 'Raj6' into text field 'id:input-firstname'.</msg>
<status status="PASS" starttime="20220104 20:34:20.599" endtime="20220104 20:34:20.679"/>
</kw>
<status status="PASS" starttime="20220104 20:34:20.598" endtime="20220104 20:34:20.679"/>
</kw>
<kw name="input last name" library="RegistrationPageKeywords">
<arg>${lastName}</arg>
<kw name="Input Text" library="SeleniumLibrary">
<arg>${txt_lastName}</arg>
<arg>${lastName}</arg>
<doc>Types the given ``text`` into the text field identified by ``locator``.</doc>
<msg timestamp="20220104 20:34:20.680" level="INFO">Typing text 'Kumar6' into text field 'id:input-lastname'.</msg>
<status status="PASS" starttime="20220104 20:34:20.680" endtime="20220104 20:34:20.757"/>
</kw>
<status status="PASS" starttime="20220104 20:34:20.679" endtime="20220104 20:34:20.757"/>
</kw>
<kw name="input emailid" library="RegistrationPageKeywords">
<arg>${emailid}</arg>
<kw name="Input Text" library="SeleniumLibrary">
<arg>${txt_email}</arg>
<arg>${emailid}</arg>
<doc>Types the given ``text`` into the text field identified by ``locator``.</doc>
<msg timestamp="20220104 20:34:20.760" level="INFO">Typing text 'shiv227@gmail.com' into text field 'id:input-email'.</msg>
<status status="PASS" starttime="20220104 20:34:20.759" endtime="20220104 20:34:20.852"/>
</kw>
<status status="PASS" starttime="20220104 20:34:20.758" endtime="20220104 20:34:20.852"/>
</kw>
<kw name="input telephone" library="RegistrationPageKeywords">
<arg>${telephone}</arg>
<kw name="Input Text" library="SeleniumLibrary">
<arg>${txt_phone}</arg>
<arg>${telephone}</arg>
<doc>Types the given ``text`` into the text field identified by ``locator``.</doc>
<msg timestamp="20220104 20:34:20.853" level="INFO">Typing text '9876012350' into text field 'id:input-telephone'.</msg>
<status status="PASS" starttime="20220104 20:34:20.853" endtime="20220104 20:34:20.931"/>
</kw>
<status status="PASS" starttime="20220104 20:34:20.852" endtime="20220104 20:34:20.931"/>
</kw>
<kw name="input password" library="RegistrationPageKeywords">
<arg>${password}</arg>
<kw name="Input Text" library="SeleniumLibrary">
<arg>${txt_password}</arg>
<arg>${password}</arg>
<doc>Types the given ``text`` into the text field identified by ``locator``.</doc>
<msg timestamp="20220104 20:34:20.932" level="INFO">Typing text 'abc@128' into text field 'id:input-password'.</msg>
<status status="PASS" starttime="20220104 20:34:20.932" endtime="20220104 20:34:21.007"/>
</kw>
<status status="PASS" starttime="20220104 20:34:20.931" endtime="20220104 20:34:21.007"/>
</kw>
<kw name="input confirm password" library="RegistrationPageKeywords">
<arg>${confirmpwd}</arg>
<kw name="Input Text" library="SeleniumLibrary">
<arg>${txtPassword_confirm}</arg>
<arg>${confirmpwd}</arg>
<doc>Types the given ``text`` into the text field identified by ``locator``.</doc>
<msg timestamp="20220104 20:34:21.009" level="INFO">Typing text 'abc@128' into text field 'id:input-confirm'.</msg>
<status status="PASS" starttime="20220104 20:34:21.008" endtime="20220104 20:34:21.089"/>
</kw>
<status status="PASS" starttime="20220104 20:34:21.008" endtime="20220104 20:34:21.089"/>
</kw>
<kw name="select subscribe radio button" library="RegistrationPageKeywords">
<arg>${radioBtnValue}</arg>
<kw name="Select Radio Button" library="SeleniumLibrary">
<arg>newsletter</arg>
<arg>${value}</arg>
<doc>Sets the radio button group ``group_name`` to ``value``.</doc>
<msg timestamp="20220104 20:34:21.090" level="INFO">Selecting '1' from radio button 'newsletter'.</msg>
<status status="PASS" starttime="20220104 20:34:21.090" endtime="20220104 20:34:21.154"/>
</kw>
<status status="PASS" starttime="20220104 20:34:21.089" endtime="20220104 20:34:21.154"/>
</kw>
<kw name="select privacy checkbox" library="RegistrationPageKeywords">
<kw name="Select Checkbox" library="SeleniumLibrary">
<arg>${chkbox_privacy}</arg>
<doc>Selects the checkbox identified by ``locator``.</doc>
<msg timestamp="20220104 20:34:21.156" level="INFO">Selecting checkbox 'xpath://input[@type='checkbox'  and @name='agree']'.</msg>
<status status="PASS" starttime="20220104 20:34:21.155" endtime="20220104 20:34:21.222"/>
</kw>
<status status="PASS" starttime="20220104 20:34:21.155" endtime="20220104 20:34:21.223"/>
</kw>
<kw name="click continue button" library="RegistrationPageKeywords">
<kw name="Click Element" library="SeleniumLibrary">
<arg>${btn_continue}</arg>
<doc>Click the element identified by ``locator``.</doc>
<msg timestamp="20220104 20:34:21.224" level="INFO">Clicking element 'xpath://input[@type='submit'  and @value='Continue']'.</msg>
<status status="PASS" starttime="20220104 20:34:21.223" endtime="20220104 20:34:24.213"/>
</kw>
<status status="PASS" starttime="20220104 20:34:21.223" endtime="20220104 20:34:24.214"/>
</kw>
<kw name="Verify successful registration" library="RegistrationPageKeywords">
<kw name="Page Should Contain" library="SeleniumLibrary">
<arg>Your Account Has Been Created!</arg>
<doc>Verifies that current page contains ``text``.</doc>
<msg timestamp="20220104 20:34:24.227" level="INFO">Current page contains text 'Your Account Has Been Created!'.</msg>
<status status="PASS" starttime="20220104 20:34:24.215" endtime="20220104 20:34:24.227"/>
</kw>
<status status="PASS" starttime="20220104 20:34:24.214" endtime="20220104 20:34:24.228"/>
</kw>
<kw name="click logout link" library="RegistrationPageKeywords">
<kw name="Click Element" library="SeleniumLibrary">
<arg>${link_MyAccount}</arg>
<doc>Click the element identified by ``locator``.</doc>
<msg timestamp="20220104 20:34:24.229" level="INFO">Clicking element 'xpath://span[text()='My Account']'.</msg>
<status status="PASS" starttime="20220104 20:34:24.228" endtime="20220104 20:34:24.267"/>
</kw>
<kw name="Click Element" library="SeleniumLibrary">
<arg>${link_logout}</arg>
<doc>Click the element identified by ``locator``.</doc>
<msg timestamp="20220104 20:34:24.267" level="INFO">Clicking element 'xpath://li//a[text()='Logout']'.</msg>
<status status="PASS" starttime="20220104 20:34:24.267" endtime="20220104 20:34:26.538"/>
</kw>
<status status="PASS" starttime="20220104 20:34:24.228" endtime="20220104 20:34:26.538"/>
</kw>
<kw name="Go To" library="SeleniumLibrary">
<arg>${url}</arg>
<doc>Navigates the current browser window to the provided ``url``.</doc>
<msg timestamp="20220104 20:34:26.539" level="INFO">Opening url 'https://demo.opencart.com/index.php?route=account/register'</msg>
<status status="PASS" starttime="20220104 20:34:26.538" endtime="20220104 20:34:28.049"/>
</kw>
<status status="PASS" starttime="20220104 20:34:20.598" endtime="20220104 20:34:28.050"/>
</kw>
<status status="PASS" starttime="20220104 20:34:20.594" endtime="20220104 20:34:28.050"/>
</test>
<test id="s1-s4-t7" name="Data Driven Test Registration">
<kw name="Data Driven Registration">
<arg>Raj7</arg>
<arg>Kumar7</arg>
<arg>shiv228@gmail.com</arg>
<arg>9876012351</arg>
<arg>abc@129</arg>
<arg>abc@129</arg>
<arg>0</arg>
<kw name="input first name" library="RegistrationPageKeywords">
<arg>${firstName}</arg>
<kw name="Input Text" library="SeleniumLibrary">
<arg>${txt_firstName}</arg>
<arg>${firstName}</arg>
<doc>Types the given ``text`` into the text field identified by ``locator``.</doc>
<msg timestamp="20220104 20:34:28.054" level="INFO">Typing text 'Raj7' into text field 'id:input-firstname'.</msg>
<status status="PASS" starttime="20220104 20:34:28.054" endtime="20220104 20:34:28.136"/>
</kw>
<status status="PASS" starttime="20220104 20:34:28.053" endtime="20220104 20:34:28.136"/>
</kw>
<kw name="input last name" library="RegistrationPageKeywords">
<arg>${lastName}</arg>
<kw name="Input Text" library="SeleniumLibrary">
<arg>${txt_lastName}</arg>
<arg>${lastName}</arg>
<doc>Types the given ``text`` into the text field identified by ``locator``.</doc>
<msg timestamp="20220104 20:34:28.137" level="INFO">Typing text 'Kumar7' into text field 'id:input-lastname'.</msg>
<status status="PASS" starttime="20220104 20:34:28.137" endtime="20220104 20:34:28.216"/>
</kw>
<status status="PASS" starttime="20220104 20:34:28.136" endtime="20220104 20:34:28.216"/>
</kw>
<kw name="input emailid" library="RegistrationPageKeywords">
<arg>${emailid}</arg>
<kw name="Input Text" library="SeleniumLibrary">
<arg>${txt_email}</arg>
<arg>${emailid}</arg>
<doc>Types the given ``text`` into the text field identified by ``locator``.</doc>
<msg timestamp="20220104 20:34:28.217" level="INFO">Typing text 'shiv228@gmail.com' into text field 'id:input-email'.</msg>
<status status="PASS" starttime="20220104 20:34:28.217" endtime="20220104 20:34:28.311"/>
</kw>
<status status="PASS" starttime="20220104 20:34:28.216" endtime="20220104 20:34:28.311"/>
</kw>
<kw name="input telephone" library="RegistrationPageKeywords">
<arg>${telephone}</arg>
<kw name="Input Text" library="SeleniumLibrary">
<arg>${txt_phone}</arg>
<arg>${telephone}</arg>
<doc>Types the given ``text`` into the text field identified by ``locator``.</doc>
<msg timestamp="20220104 20:34:28.312" level="INFO">Typing text '9876012351' into text field 'id:input-telephone'.</msg>
<status status="PASS" starttime="20220104 20:34:28.311" endtime="20220104 20:34:28.392"/>
</kw>
<status status="PASS" starttime="20220104 20:34:28.311" endtime="20220104 20:34:28.393"/>
</kw>
<kw name="input password" library="RegistrationPageKeywords">
<arg>${password}</arg>
<kw name="Input Text" library="SeleniumLibrary">
<arg>${txt_password}</arg>
<arg>${password}</arg>
<doc>Types the given ``text`` into the text field identified by ``locator``.</doc>
<msg timestamp="20220104 20:34:28.394" level="INFO">Typing text 'abc@129' into text field 'id:input-password'.</msg>
<status status="PASS" starttime="20220104 20:34:28.393" endtime="20220104 20:34:28.467"/>
</kw>
<status status="PASS" starttime="20220104 20:34:28.393" endtime="20220104 20:34:28.467"/>
</kw>
<kw name="input confirm password" library="RegistrationPageKeywords">
<arg>${confirmpwd}</arg>
<kw name="Input Text" library="SeleniumLibrary">
<arg>${txtPassword_confirm}</arg>
<arg>${confirmpwd}</arg>
<doc>Types the given ``text`` into the text field identified by ``locator``.</doc>
<msg timestamp="20220104 20:34:28.469" level="INFO">Typing text 'abc@129' into text field 'id:input-confirm'.</msg>
<status status="PASS" starttime="20220104 20:34:28.468" endtime="20220104 20:34:28.553"/>
</kw>
<status status="PASS" starttime="20220104 20:34:28.468" endtime="20220104 20:34:28.554"/>
</kw>
<kw name="select subscribe radio button" library="RegistrationPageKeywords">
<arg>${radioBtnValue}</arg>
<kw name="Select Radio Button" library="SeleniumLibrary">
<arg>newsletter</arg>
<arg>${value}</arg>
<doc>Sets the radio button group ``group_name`` to ``value``.</doc>
<msg timestamp="20220104 20:34:28.555" level="INFO">Selecting '0' from radio button 'newsletter'.</msg>
<status status="PASS" starttime="20220104 20:34:28.554" endtime="20220104 20:34:28.578"/>
</kw>
<status status="PASS" starttime="20220104 20:34:28.554" endtime="20220104 20:34:28.579"/>
</kw>
<kw name="select privacy checkbox" library="RegistrationPageKeywords">
<kw name="Select Checkbox" library="SeleniumLibrary">
<arg>${chkbox_privacy}</arg>
<doc>Selects the checkbox identified by ``locator``.</doc>
<msg timestamp="20220104 20:34:28.580" level="INFO">Selecting checkbox 'xpath://input[@type='checkbox'  and @name='agree']'.</msg>
<status status="PASS" starttime="20220104 20:34:28.579" endtime="20220104 20:34:28.662"/>
</kw>
<status status="PASS" starttime="20220104 20:34:28.579" endtime="20220104 20:34:28.663"/>
</kw>
<kw name="click continue button" library="RegistrationPageKeywords">
<kw name="Click Element" library="SeleniumLibrary">
<arg>${btn_continue}</arg>
<doc>Click the element identified by ``locator``.</doc>
<msg timestamp="20220104 20:34:28.664" level="INFO">Clicking element 'xpath://input[@type='submit'  and @value='Continue']'.</msg>
<status status="PASS" starttime="20220104 20:34:28.664" endtime="20220104 20:34:31.230"/>
</kw>
<status status="PASS" starttime="20220104 20:34:28.663" endtime="20220104 20:34:31.231"/>
</kw>
<kw name="Verify successful registration" library="RegistrationPageKeywords">
<kw name="Page Should Contain" library="SeleniumLibrary">
<arg>Your Account Has Been Created!</arg>
<doc>Verifies that current page contains ``text``.</doc>
<msg timestamp="20220104 20:34:31.246" level="INFO">Current page contains text 'Your Account Has Been Created!'.</msg>
<status status="PASS" starttime="20220104 20:34:31.232" endtime="20220104 20:34:31.246"/>
</kw>
<status status="PASS" starttime="20220104 20:34:31.231" endtime="20220104 20:34:31.247"/>
</kw>
<kw name="click logout link" library="RegistrationPageKeywords">
<kw name="Click Element" library="SeleniumLibrary">
<arg>${link_MyAccount}</arg>
<doc>Click the element identified by ``locator``.</doc>
<msg timestamp="20220104 20:34:31.247" level="INFO">Clicking element 'xpath://span[text()='My Account']'.</msg>
<status status="PASS" starttime="20220104 20:34:31.247" endtime="20220104 20:34:31.290"/>
</kw>
<kw name="Click Element" library="SeleniumLibrary">
<arg>${link_logout}</arg>
<doc>Click the element identified by ``locator``.</doc>
<msg timestamp="20220104 20:34:31.291" level="INFO">Clicking element 'xpath://li//a[text()='Logout']'.</msg>
<status status="PASS" starttime="20220104 20:34:31.290" endtime="20220104 20:34:34.079"/>
</kw>
<status status="PASS" starttime="20220104 20:34:31.247" endtime="20220104 20:34:34.081"/>
</kw>
<kw name="Go To" library="SeleniumLibrary">
<arg>${url}</arg>
<doc>Navigates the current browser window to the provided ``url``.</doc>
<msg timestamp="20220104 20:34:34.082" level="INFO">Opening url 'https://demo.opencart.com/index.php?route=account/register'</msg>
<status status="PASS" starttime="20220104 20:34:34.081" endtime="20220104 20:34:35.337"/>
</kw>
<status status="PASS" starttime="20220104 20:34:28.053" endtime="20220104 20:34:35.338"/>
</kw>
<status status="PASS" starttime="20220104 20:34:28.051" endtime="20220104 20:34:35.338"/>
</test>
<test id="s1-s4-t8" name="Data Driven Test Registration">
<kw name="Data Driven Registration">
<arg>Raj8</arg>
<arg>Kumar8</arg>
<arg>shiv229@gmail.com</arg>
<arg>9876012352</arg>
<arg>abc@130</arg>
<arg>abc@130</arg>
<arg>0</arg>
<kw name="input first name" library="RegistrationPageKeywords">
<arg>${firstName}</arg>
<kw name="Input Text" library="SeleniumLibrary">
<arg>${txt_firstName}</arg>
<arg>${firstName}</arg>
<doc>Types the given ``text`` into the text field identified by ``locator``.</doc>
<msg timestamp="20220104 20:34:35.346" level="INFO">Typing text 'Raj8' into text field 'id:input-firstname'.</msg>
<status status="PASS" starttime="20220104 20:34:35.345" endtime="20220104 20:34:35.425"/>
</kw>
<status status="PASS" starttime="20220104 20:34:35.345" endtime="20220104 20:34:35.425"/>
</kw>
<kw name="input last name" library="RegistrationPageKeywords">
<arg>${lastName}</arg>
<kw name="Input Text" library="SeleniumLibrary">
<arg>${txt_lastName}</arg>
<arg>${lastName}</arg>
<doc>Types the given ``text`` into the text field identified by ``locator``.</doc>
<msg timestamp="20220104 20:34:35.427" level="INFO">Typing text 'Kumar8' into text field 'id:input-lastname'.</msg>
<status status="PASS" starttime="20220104 20:34:35.426" endtime="20220104 20:34:35.503"/>
</kw>
<status status="PASS" starttime="20220104 20:34:35.426" endtime="20220104 20:34:35.503"/>
</kw>
<kw name="input emailid" library="RegistrationPageKeywords">
<arg>${emailid}</arg>
<kw name="Input Text" library="SeleniumLibrary">
<arg>${txt_email}</arg>
<arg>${emailid}</arg>
<doc>Types the given ``text`` into the text field identified by ``locator``.</doc>
<msg timestamp="20220104 20:34:35.504" level="INFO">Typing text 'shiv229@gmail.com' into text field 'id:input-email'.</msg>
<status status="PASS" starttime="20220104 20:34:35.504" endtime="20220104 20:34:35.589"/>
</kw>
<status status="PASS" starttime="20220104 20:34:35.503" endtime="20220104 20:34:35.589"/>
</kw>
<kw name="input telephone" library="RegistrationPageKeywords">
<arg>${telephone}</arg>
<kw name="Input Text" library="SeleniumLibrary">
<arg>${txt_phone}</arg>
<arg>${telephone}</arg>
<doc>Types the given ``text`` into the text field identified by ``locator``.</doc>
<msg timestamp="20220104 20:34:35.590" level="INFO">Typing text '9876012352' into text field 'id:input-telephone'.</msg>
<status status="PASS" starttime="20220104 20:34:35.590" endtime="20220104 20:34:35.668"/>
</kw>
<status status="PASS" starttime="20220104 20:34:35.589" endtime="20220104 20:34:35.668"/>
</kw>
<kw name="input password" library="RegistrationPageKeywords">
<arg>${password}</arg>
<kw name="Input Text" library="SeleniumLibrary">
<arg>${txt_password}</arg>
<arg>${password}</arg>
<doc>Types the given ``text`` into the text field identified by ``locator``.</doc>
<msg timestamp="20220104 20:34:35.669" level="INFO">Typing text 'abc@130' into text field 'id:input-password'.</msg>
<status status="PASS" starttime="20220104 20:34:35.669" endtime="20220104 20:34:35.744"/>
</kw>
<status status="PASS" starttime="20220104 20:34:35.668" endtime="20220104 20:34:35.744"/>
</kw>
<kw name="input confirm password" library="RegistrationPageKeywords">
<arg>${confirmpwd}</arg>
<kw name="Input Text" library="SeleniumLibrary">
<arg>${txtPassword_confirm}</arg>
<arg>${confirmpwd}</arg>
<doc>Types the given ``text`` into the text field identified by ``locator``.</doc>
<msg timestamp="20220104 20:34:35.745" level="INFO">Typing text 'abc@130' into text field 'id:input-confirm'.</msg>
<status status="PASS" starttime="20220104 20:34:35.745" endtime="20220104 20:34:35.820"/>
</kw>
<status status="PASS" starttime="20220104 20:34:35.744" endtime="20220104 20:34:35.820"/>
</kw>
<kw name="select subscribe radio button" library="RegistrationPageKeywords">
<arg>${radioBtnValue}</arg>
<kw name="Select Radio Button" library="SeleniumLibrary">
<arg>newsletter</arg>
<arg>${value}</arg>
<doc>Sets the radio button group ``group_name`` to ``value``.</doc>
<msg timestamp="20220104 20:34:35.822" level="INFO">Selecting '0' from radio button 'newsletter'.</msg>
<status status="PASS" starttime="20220104 20:34:35.821" endtime="20220104 20:34:35.840"/>
</kw>
<status status="PASS" starttime="20220104 20:34:35.821" endtime="20220104 20:34:35.840"/>
</kw>
<kw name="select privacy checkbox" library="RegistrationPageKeywords">
<kw name="Select Checkbox" library="SeleniumLibrary">
<arg>${chkbox_privacy}</arg>
<doc>Selects the checkbox identified by ``locator``.</doc>
<msg timestamp="20220104 20:34:35.843" level="INFO">Selecting checkbox 'xpath://input[@type='checkbox'  and @name='agree']'.</msg>
<status status="PASS" starttime="20220104 20:34:35.842" endtime="20220104 20:34:35.928"/>
</kw>
<status status="PASS" starttime="20220104 20:34:35.840" endtime="20220104 20:34:35.929"/>
</kw>
<kw name="click continue button" library="RegistrationPageKeywords">
<kw name="Click Element" library="SeleniumLibrary">
<arg>${btn_continue}</arg>
<doc>Click the element identified by ``locator``.</doc>
<msg timestamp="20220104 20:34:35.932" level="INFO">Clicking element 'xpath://input[@type='submit'  and @value='Continue']'.</msg>
<status status="PASS" starttime="20220104 20:34:35.930" endtime="20220104 20:34:38.675"/>
</kw>
<status status="PASS" starttime="20220104 20:34:35.929" endtime="20220104 20:34:38.675"/>
</kw>
<kw name="Verify successful registration" library="RegistrationPageKeywords">
<kw name="Page Should Contain" library="SeleniumLibrary">
<arg>Your Account Has Been Created!</arg>
<doc>Verifies that current page contains ``text``.</doc>
<msg timestamp="20220104 20:34:38.692" level="INFO">Current page contains text 'Your Account Has Been Created!'.</msg>
<status status="PASS" starttime="20220104 20:34:38.677" endtime="20220104 20:34:38.693"/>
</kw>
<status status="PASS" starttime="20220104 20:34:38.676" endtime="20220104 20:34:38.694"/>
</kw>
<kw name="click logout link" library="RegistrationPageKeywords">
<kw name="Click Element" library="SeleniumLibrary">
<arg>${link_MyAccount}</arg>
<doc>Click the element identified by ``locator``.</doc>
<msg timestamp="20220104 20:34:38.695" level="INFO">Clicking element 'xpath://span[text()='My Account']'.</msg>
<status status="PASS" starttime="20220104 20:34:38.695" endtime="20220104 20:34:38.736"/>
</kw>
<kw name="Click Element" library="SeleniumLibrary">
<arg>${link_logout}</arg>
<doc>Click the element identified by ``locator``.</doc>
<msg timestamp="20220104 20:34:38.738" level="INFO">Clicking element 'xpath://li//a[text()='Logout']'.</msg>
<status status="PASS" starttime="20220104 20:34:38.737" endtime="20220104 20:34:40.928"/>
</kw>
<status status="PASS" starttime="20220104 20:34:38.694" endtime="20220104 20:34:40.928"/>
</kw>
<kw name="Go To" library="SeleniumLibrary">
<arg>${url}</arg>
<doc>Navigates the current browser window to the provided ``url``.</doc>
<msg timestamp="20220104 20:34:40.929" level="INFO">Opening url 'https://demo.opencart.com/index.php?route=account/register'</msg>
<status status="PASS" starttime="20220104 20:34:40.929" endtime="20220104 20:34:42.175"/>
</kw>
<status status="PASS" starttime="20220104 20:34:35.344" endtime="20220104 20:34:42.175"/>
</kw>
<status status="PASS" starttime="20220104 20:34:35.339" endtime="20220104 20:34:42.176"/>
</test>
<kw name="close app" library="RegistrationPageKeywords" type="TEARDOWN">
<kw name="Close All Browsers" library="SeleniumLibrary">
<doc>Closes all open browsers and resets the browser cache.</doc>
<status status="PASS" starttime="20220104 20:34:42.177" endtime="20220104 20:34:44.357"/>
</kw>
<status status="PASS" starttime="20220104 20:34:42.177" endtime="20220104 20:34:44.357"/>
</kw>
<status status="PASS" starttime="20220104 20:33:39.031" endtime="20220104 20:34:44.357"/>
</suite>
<doc>[https://pabot.org/?ref=log|Pabot] result from 4 executions.</doc>
<status status="PASS" starttime="20220104 20:33:22.042" endtime="20220104 20:34:44.357"/>
</suite>
<statistics>
<total>
<stat pass="16" fail="0" skip="0">All Tests</stat>
</total>
<tag>
</tag>
<suite>
<stat pass="16" fail="0" skip="0" id="s1" name="Suites">Suites</stat>
<stat pass="2" fail="0" skip="0" id="s1-s1" name="LoginTest">Suites.LoginTest</stat>
<stat pass="5" fail="0" skip="0" id="s1-s2" name="LoginTest DataDriven">Suites.LoginTest DataDriven</stat>
<stat pass="1" fail="0" skip="0" id="s1-s3" name="RegistrationTest">Suites.RegistrationTest</stat>
<stat pass="8" fail="0" skip="0" id="s1-s4" name="RegistrationTest DataDriven">Suites.RegistrationTest DataDriven</stat>
</suite>
</statistics>
<errors>
<msg timestamp="20220104 20:33:29.493" level="WARN">Multiple test cases with name 'Data driven test using invalid login data' executed in test suite 'Suites.LoginTest DataDriven'.</msg>
<msg timestamp="20220104 20:33:31.147" level="WARN">Multiple test cases with name 'Data driven test using invalid login data' executed in test suite 'Suites.LoginTest DataDriven'.</msg>
<msg timestamp="20220104 20:33:32.776" level="WARN">Multiple test cases with name 'Data driven test using invalid login data' executed in test suite 'Suites.LoginTest DataDriven'.</msg>
<msg timestamp="20220104 20:33:34.423" level="WARN">Multiple test cases with name 'Data driven test using invalid login data' executed in test suite 'Suites.LoginTest DataDriven'.</msg>
<msg timestamp="20220104 20:33:52.978" level="WARN">Multiple test cases with name 'Data Driven Test Registration' executed in test suite 'Suites.RegistrationTest DataDriven'.</msg>
<msg timestamp="20220104 20:34:00.070" level="WARN">Multiple test cases with name 'Data Driven Test Registration' executed in test suite 'Suites.RegistrationTest DataDriven'.</msg>
<msg timestamp="20220104 20:34:06.561" level="WARN">Multiple test cases with name 'Data Driven Test Registration' executed in test suite 'Suites.RegistrationTest DataDriven'.</msg>
<msg timestamp="20220104 20:34:12.938" level="WARN">Multiple test cases with name 'Data Driven Test Registration' executed in test suite 'Suites.RegistrationTest DataDriven'.</msg>
<msg timestamp="20220104 20:34:20.589" level="WARN">Multiple test cases with name 'Data Driven Test Registration' executed in test suite 'Suites.RegistrationTest DataDriven'.</msg>
<msg timestamp="20220104 20:34:28.051" level="WARN">Multiple test cases with name 'Data Driven Test Registration' executed in test suite 'Suites.RegistrationTest DataDriven'.</msg>
<msg timestamp="20220104 20:34:35.339" level="WARN">Multiple test cases with name 'Data Driven Test Registration' executed in test suite 'Suites.RegistrationTest DataDriven'.</msg>
</errors>
</robot>
